#
# There is insufficient memory for the Java Runtime Environment to continue.
# Native memory allocation (malloc) failed to allocate 572880 bytes for Chunk::new
# Possible reasons:
#   The system is out of physical RAM or swap space
#   The process is running with CompressedOops enabled, and the Java Heap may be blocking the growth of the native heap
# Possible solutions:
#   Reduce memory load on the system
#   Increase physical memory or swap space
#   Check if swap backing store is full
#   Decrease Java heap size (-Xmx/-Xms)
#   Decrease number of Java threads
#   Decrease Java thread stack sizes (-Xss)
#   Set larger code cache with -XX:ReservedCodeCacheSize=
#   JVM is running with Unscaled Compressed Oops mode in which the Java heap is
#     placed in the first 4GB address space. The Java Heap base address is the
#     maximum limit for the native heap growth. Please use -XX:HeapBaseMinAddress
#     to set the Java Heap base and to place the Java Heap above 4GB virtual address.
# This output file may be truncated or incomplete.
#
#  Out of Memory Error (./open/src/hotspot/share/memory/arena.cpp:195), pid=18020, tid=17816
#
# JRE version: Java(TM) SE Runtime Environment (15.0.1+9) (build 15.0.1+9-18)
# Java VM: Java HotSpot(TM) 64-Bit Server VM (15.0.1+9-18, mixed mode, sharing, tiered, compressed oops, g1 gc, windows-amd64)
# No core dump will be written. Minidumps are not enabled by default on client versions of Windows
#

---------------  S U M M A R Y ------------

Command Line: -ea -Dfile.encoding=UTF-8 -XX:+ShowCodeDetailsInExceptionMessages org.eclipse.jdt.internal.junit.runner.RemoteTestRunner -version 3 -port 13400 -testLoaderClass org.eclipse.jdt.internal.junit4.runner.JUnit4TestLoader -loaderpluginname org.eclipse.jdt.junit4.runtime -classNames selnidetestRunner.selnTestRunner

Host: AMD Ryzen 5 3500U with Radeon Vega Mobile Gfx  , 8 cores, 5G,  Windows 10 , 64 bit Build 19041 (10.0.19041.804)
Time: Sun Mar  7 20:55:42 2021 New Zealand Daylight Time elapsed time: 25.465663 seconds (0d 0h 0m 25s)

---------------  T H R E A D  ---------------

Current thread (0x000001c4c10d72f0):  JavaThread "C2 CompilerThread0" daemon [_thread_in_native, id=17816, stack(0x00000024a2200000,0x00000024a2300000)]


Current CompileTask:
C2:  25469 2469       4       jdk.internal.org.objectweb.asm.Frame::execute (2305 bytes)

Stack: [0x00000024a2200000,0x00000024a2300000]
Native frames: (J=compiled Java code, j=interpreted, Vv=VM code, C=native code)
V  [jvm.dll+0x62ae9a]
V  [jvm.dll+0x781389]
V  [jvm.dll+0x782ae3]
V  [jvm.dll+0x783143]
V  [jvm.dll+0x216265]
V  [jvm.dll+0x97efa]
V  [jvm.dll+0x985dc]
V  [jvm.dll+0x1e9e67]
V  [jvm.dll+0x5bc055]
V  [jvm.dll+0x5ba79e]
V  [jvm.dll+0x1ea4d8]
V  [jvm.dll+0x1e98ae]
V  [jvm.dll+0x1784c7]
V  [jvm.dll+0x1f9165]
V  [jvm.dll+0x1f720c]
V  [jvm.dll+0x74485d]
V  [jvm.dll+0x73d65a]
V  [jvm.dll+0x629c56]
C  [ucrtbase.dll+0x21bb2]
C  [KERNEL32.DLL+0x17034]
C  [ntdll.dll+0x4d241]


---------------  P R O C E S S  ---------------

Threads class SMR info:
_java_thread_list=0x000001c4c2812b10, length=26, elements={
0x000001c4a196afa0, 0x000001c4c10b9380, 0x000001c4c10b9f50, 0x000001c4c10d2ef0,
0x000001c4c10d59b0, 0x000001c4c10d6460, 0x000001c4c10d72f0, 0x000001c4c10e2570,
0x000001c4c1a60060, 0x000001c4c1b258c0, 0x000001c4c1b3bdf0, 0x000001c4c1d352c0,
0x000001c4c27cd0b0, 0x000001c4c217e760, 0x000001c4c27b7ec0, 0x000001c4c27b8390,
0x000001c4c20fadb0, 0x000001c4c20f8730, 0x000001c4c20f73f0, 0x000001c4c20f95a0,
0x000001c4c20fa410, 0x000001c4c20f9a70, 0x000001c4c20fa8e0, 0x000001c4c20f8260,
0x000001c4c20f78c0, 0x000001c4c20f8c00
}

Java Threads: ( => current thread )
  0x000001c4a196afa0 JavaThread "Forwarding findElement on session 3c72d76bb5d0ca57d4db052c3cab6921 to remote" [_thread_in_native, id=20776, stack(0x00000024a1600000,0x00000024a1700000)]
  0x000001c4c10b9380 JavaThread "Reference Handler" daemon [_thread_blocked, id=864, stack(0x00000024a1d00000,0x00000024a1e00000)]
  0x000001c4c10b9f50 JavaThread "Finalizer" daemon [_thread_blocked, id=32004, stack(0x00000024a1e00000,0x00000024a1f00000)]
  0x000001c4c10d2ef0 JavaThread "Signal Dispatcher" daemon [_thread_blocked, id=17608, stack(0x00000024a1f00000,0x00000024a2000000)]
  0x000001c4c10d59b0 JavaThread "Attach Listener" daemon [_thread_blocked, id=37300, stack(0x00000024a2000000,0x00000024a2100000)]
  0x000001c4c10d6460 JavaThread "Service Thread" daemon [_thread_blocked, id=1956, stack(0x00000024a2100000,0x00000024a2200000)]
=>0x000001c4c10d72f0 JavaThread "C2 CompilerThread0" daemon [_thread_in_native, id=17816, stack(0x00000024a2200000,0x00000024a2300000)]
  0x000001c4c10e2570 JavaThread "C1 CompilerThread0" daemon [_thread_blocked, id=17792, stack(0x00000024a2300000,0x00000024a2400000)]
  0x000001c4c1a60060 JavaThread "Sweeper thread" daemon [_thread_blocked, id=15940, stack(0x00000024a2400000,0x00000024a2500000)]
  0x000001c4c1b258c0 JavaThread "Notification Thread" daemon [_thread_blocked, id=35240, stack(0x00000024a2500000,0x00000024a2600000)]
  0x000001c4c1b3bdf0 JavaThread "Common-Cleaner" daemon [_thread_blocked, id=24408, stack(0x00000024a2700000,0x00000024a2800000)]
  0x000001c4c1d352c0 JavaThread "ReaderThread" [_thread_in_native, id=20816, stack(0x00000024a2800000,0x00000024a2900000)]
  0x000001c4c27cd0b0 JavaThread "Exec Default Executor" daemon [_thread_in_native, id=31064, stack(0x00000024a2900000,0x00000024a2a00000)]
  0x000001c4c217e760 JavaThread "UrlChecker-2" daemon [_thread_blocked, id=28164, stack(0x00000024a2e00000,0x00000024a2f00000)]
  0x000001c4c27b7ec0 JavaThread "Exec Stream Pumper" daemon [_thread_in_native, id=28920, stack(0x00000024a3000000,0x00000024a3100000)]
  0x000001c4c27b8390 JavaThread "Exec Stream Pumper" daemon [_thread_in_native, id=26696, stack(0x00000024a3100000,0x00000024a3200000)]
  0x000001c4c20fadb0 JavaThread "ForkJoinPool.commonPool-worker-3" daemon [_thread_blocked, id=30956, stack(0x00000024a3300000,0x00000024a3400000)]
  0x000001c4c20f8730 JavaThread "ForkJoinPool.commonPool-worker-5" daemon [_thread_blocked, id=30516, stack(0x00000024a3400000,0x00000024a3500000)]
  0x000001c4c20f73f0 JavaThread "ForkJoinPool.commonPool-worker-7" daemon [_thread_blocked, id=12660, stack(0x00000024a3500000,0x00000024a3600000)]
  0x000001c4c20f95a0 JavaThread "ForkJoinPool.commonPool-worker-9" daemon [_thread_blocked, id=20304, stack(0x00000024a3600000,0x00000024a3700000)]
  0x000001c4c20fa410 JavaThread "ForkJoinPool.commonPool-worker-11" daemon [_thread_blocked, id=14544, stack(0x00000024a3700000,0x00000024a3800000)]
  0x000001c4c20f9a70 JavaThread "ForkJoinPool.commonPool-worker-13" daemon [_thread_blocked, id=34476, stack(0x00000024a3800000,0x00000024a3900000)]
  0x000001c4c20fa8e0 JavaThread "ForkJoinPool.commonPool-worker-15" daemon [_thread_blocked, id=26464, stack(0x00000024a3900000,0x00000024a3a00000)]
  0x000001c4c20f8260 JavaThread "OkHttp ConnectionPool" daemon [_thread_blocked, id=24264, stack(0x00000024a3a00000,0x00000024a3b00000)]
  0x000001c4c20f78c0 JavaThread "Okio Watchdog" daemon [_thread_blocked, id=29940, stack(0x00000024a3b00000,0x00000024a3c00000)]
  0x000001c4c20f8c00 JavaThread "Webdrivers killer thread" daemon [_thread_blocked, id=24612, stack(0x00000024a3200000,0x00000024a3300000)]

Other Threads:
  0x000001c4c10b5af0 VMThread "VM Thread" [stack: 0x00000024a1c00000,0x00000024a1d00000] [id=32716]
  0x000001c4c1b3acb0 WatcherThread [stack: 0x00000024a2600000,0x00000024a2700000] [id=22208]
  0x000001c4a19a51b0 GCTaskThread "GC Thread#0" [stack: 0x00000024a1700000,0x00000024a1800000] [id=28488]
  0x000001c4c1b14940 GCTaskThread "GC Thread#1" [stack: 0x00000024a2a00000,0x00000024a2b00000] [id=22844]
  0x000001c4c1b11970 GCTaskThread "GC Thread#2" [stack: 0x00000024a2b00000,0x00000024a2c00000] [id=37476]
  0x000001c4c1b11640 GCTaskThread "GC Thread#3" [stack: 0x00000024a2c00000,0x00000024a2d00000] [id=12424]
  0x000001c4a19b3a00 ConcurrentGCThread "G1 Main Marker" [stack: 0x00000024a1800000,0x00000024a1900000] [id=19320]
  0x000001c4a19b45f0 ConcurrentGCThread "G1 Conc#0" [stack: 0x00000024a1900000,0x00000024a1a00000] [id=37308]
  0x000001c4a1a2a6d0 ConcurrentGCThread "G1 Refine#0" [stack: 0x00000024a1a00000,0x00000024a1b00000] [id=11832]
  0x000001c4c24d6200 ConcurrentGCThread "G1 Refine#1" [stack: 0x00000024a2d00000,0x00000024a2e00000] [id=28372]
  0x000001c4a1a2b2d0 ConcurrentGCThread "G1 Young RemSet Sampling" [stack: 0x00000024a1b00000,0x00000024a1c00000] [id=33188]

Threads with active compile tasks:
C2 CompilerThread0    25601 2469       4       jdk.internal.org.objectweb.asm.Frame::execute (2305 bytes)

VM state: not at safepoint (normal execution)

VM Mutex/Monitor currently owned by a thread: None

Heap address: 0x00000000a1400000, size: 1516 MB, Compressed Oops mode: 32-bit
CDS archive(s) mapped at: [0x0000000800000000-0x0000000800b50000-0x0000000800b50000), size 11862016, SharedBaseAddress: 0x0000000800000000, ArchiveRelocationMode: 0.
Compressed class space mapped at: 0x0000000800b50000-0x0000000840b50000, size: 1073741824
Narrow klass base: 0x0000000800000000, Narrow klass shift: 3, Narrow klass range: 0x100000000

GC Precious Log:
 CPUs: 8 total, 8 available
 Memory: 6058M
 Large Page Support: Disabled
 NUMA Support: Disabled
 Compressed Oops: Enabled (32-bit)
 Heap Region Size: 1M
 Heap Min Capacity: 8M
 Heap Initial Capacity: 96M
 Heap Max Capacity: 1516M
 Pre-touch: Disabled
 Parallel Workers: 8
 Concurrent Workers: 2
 Concurrent Refinement Workers: 8
 Periodic GC: Disabled

Heap:
 garbage-first heap   total 98304K, used 37121K [0x00000000a1400000, 0x0000000100000000)
  region size 1024K, 33 young (33792K), 4 survivors (4096K)
 Metaspace       used 17963K, capacity 18192K, committed 18304K, reserved 1064960K
  class space    used 2314K, capacity 2410K, committed 2432K, reserved 1048576K

Heap Regions: E=young(eden), S=young(survivor), O=old, HS=humongous(starts), HC=humongous(continues), CS=collection set, F=free, OA=open archive, CA=closed archive, TAMS=top-at-mark-start (previous, next)
|   0|0x00000000a1400000, 0x00000000a1500000, 0x00000000a1500000|100%| O|  |TAMS 0x00000000a1400000, 0x00000000a1400000| Untracked 
|   1|0x00000000a1500000, 0x00000000a1600000, 0x00000000a1600000|100%| O|  |TAMS 0x00000000a1500000, 0x00000000a1500000| Untracked 
|   2|0x00000000a1600000, 0x00000000a1700000, 0x00000000a1700000|100%| O|  |TAMS 0x00000000a1600000, 0x00000000a1600000| Untracked 
|   3|0x00000000a1700000, 0x00000000a1800000, 0x00000000a1800000|100%| O|  |TAMS 0x00000000a1700000, 0x00000000a1700000| Untracked 
|   4|0x00000000a1800000, 0x00000000a18a7800, 0x00000000a1900000| 65%| O|  |TAMS 0x00000000a1800000, 0x00000000a1800000| Untracked 
|   5|0x00000000a1900000, 0x00000000a1900000, 0x00000000a1a00000|  0%| F|  |TAMS 0x00000000a1900000, 0x00000000a1900000| Untracked 
|   6|0x00000000a1a00000, 0x00000000a1a00000, 0x00000000a1b00000|  0%| F|  |TAMS 0x00000000a1a00000, 0x00000000a1a00000| Untracked 
|   7|0x00000000a1b00000, 0x00000000a1b00000, 0x00000000a1c00000|  0%| F|  |TAMS 0x00000000a1b00000, 0x00000000a1b00000| Untracked 
|   8|0x00000000a1c00000, 0x00000000a1c00000, 0x00000000a1d00000|  0%| F|  |TAMS 0x00000000a1c00000, 0x00000000a1c00000| Untracked 
|   9|0x00000000a1d00000, 0x00000000a1d00000, 0x00000000a1e00000|  0%| F|  |TAMS 0x00000000a1d00000, 0x00000000a1d00000| Untracked 
|  10|0x00000000a1e00000, 0x00000000a1e00000, 0x00000000a1f00000|  0%| F|  |TAMS 0x00000000a1e00000, 0x00000000a1e00000| Untracked 
|  11|0x00000000a1f00000, 0x00000000a1f00000, 0x00000000a2000000|  0%| F|  |TAMS 0x00000000a1f00000, 0x00000000a1f00000| Untracked 
|  12|0x00000000a2000000, 0x00000000a2000000, 0x00000000a2100000|  0%| F|  |TAMS 0x00000000a2000000, 0x00000000a2000000| Untracked 
|  13|0x00000000a2100000, 0x00000000a2100000, 0x00000000a2200000|  0%| F|  |TAMS 0x00000000a2100000, 0x00000000a2100000| Untracked 
|  14|0x00000000a2200000, 0x00000000a2200000, 0x00000000a2300000|  0%| F|  |TAMS 0x00000000a2200000, 0x00000000a2200000| Untracked 
|  15|0x00000000a2300000, 0x00000000a2300000, 0x00000000a2400000|  0%| F|  |TAMS 0x00000000a2300000, 0x00000000a2300000| Untracked 
|  16|0x00000000a2400000, 0x00000000a2400000, 0x00000000a2500000|  0%| F|  |TAMS 0x00000000a2400000, 0x00000000a2400000| Untracked 
|  17|0x00000000a2500000, 0x00000000a2500000, 0x00000000a2600000|  0%| F|  |TAMS 0x00000000a2500000, 0x00000000a2500000| Untracked 
|  18|0x00000000a2600000, 0x00000000a2600000, 0x00000000a2700000|  0%| F|  |TAMS 0x00000000a2600000, 0x00000000a2600000| Untracked 
|  19|0x00000000a2700000, 0x00000000a2700000, 0x00000000a2800000|  0%| F|  |TAMS 0x00000000a2700000, 0x00000000a2700000| Untracked 
|  20|0x00000000a2800000, 0x00000000a2800000, 0x00000000a2900000|  0%| F|  |TAMS 0x00000000a2800000, 0x00000000a2800000| Untracked 
|  21|0x00000000a2900000, 0x00000000a2900000, 0x00000000a2a00000|  0%| F|  |TAMS 0x00000000a2900000, 0x00000000a2900000| Untracked 
|  22|0x00000000a2a00000, 0x00000000a2a00000, 0x00000000a2b00000|  0%| F|  |TAMS 0x00000000a2a00000, 0x00000000a2a00000| Untracked 
|  23|0x00000000a2b00000, 0x00000000a2b00000, 0x00000000a2c00000|  0%| F|  |TAMS 0x00000000a2b00000, 0x00000000a2b00000| Untracked 
|  24|0x00000000a2c00000, 0x00000000a2c00000, 0x00000000a2d00000|  0%| F|  |TAMS 0x00000000a2c00000, 0x00000000a2c00000| Untracked 
|  25|0x00000000a2d00000, 0x00000000a2d00000, 0x00000000a2e00000|  0%| F|  |TAMS 0x00000000a2d00000, 0x00000000a2d00000| Untracked 
|  26|0x00000000a2e00000, 0x00000000a2e00000, 0x00000000a2f00000|  0%| F|  |TAMS 0x00000000a2e00000, 0x00000000a2e00000| Untracked 
|  27|0x00000000a2f00000, 0x00000000a2f00000, 0x00000000a3000000|  0%| F|  |TAMS 0x00000000a2f00000, 0x00000000a2f00000| Untracked 
|  28|0x00000000a3000000, 0x00000000a3000000, 0x00000000a3100000|  0%| F|  |TAMS 0x00000000a3000000, 0x00000000a3000000| Untracked 
|  29|0x00000000a3100000, 0x00000000a3100000, 0x00000000a3200000|  0%| F|  |TAMS 0x00000000a3100000, 0x00000000a3100000| Untracked 
|  30|0x00000000a3200000, 0x00000000a3200000, 0x00000000a3300000|  0%| F|  |TAMS 0x00000000a3200000, 0x00000000a3200000| Untracked 
|  31|0x00000000a3300000, 0x00000000a3300000, 0x00000000a3400000|  0%| F|  |TAMS 0x00000000a3300000, 0x00000000a3300000| Untracked 
|  32|0x00000000a3400000, 0x00000000a3400000, 0x00000000a3500000|  0%| F|  |TAMS 0x00000000a3400000, 0x00000000a3400000| Untracked 
|  33|0x00000000a3500000, 0x00000000a3500000, 0x00000000a3600000|  0%| F|  |TAMS 0x00000000a3500000, 0x00000000a3500000| Untracked 
|  34|0x00000000a3600000, 0x00000000a3600000, 0x00000000a3700000|  0%| F|  |TAMS 0x00000000a3600000, 0x00000000a3600000| Untracked 
|  35|0x00000000a3700000, 0x00000000a3700000, 0x00000000a3800000|  0%| F|  |TAMS 0x00000000a3700000, 0x00000000a3700000| Untracked 
|  36|0x00000000a3800000, 0x00000000a3800000, 0x00000000a3900000|  0%| F|  |TAMS 0x00000000a3800000, 0x00000000a3800000| Untracked 
|  37|0x00000000a3900000, 0x00000000a3900000, 0x00000000a3a00000|  0%| F|  |TAMS 0x00000000a3900000, 0x00000000a3900000| Untracked 
|  38|0x00000000a3a00000, 0x00000000a3a00000, 0x00000000a3b00000|  0%| F|  |TAMS 0x00000000a3a00000, 0x00000000a3a00000| Untracked 
|  39|0x00000000a3b00000, 0x00000000a3b00000, 0x00000000a3c00000|  0%| F|  |TAMS 0x00000000a3b00000, 0x00000000a3b00000| Untracked 
|  40|0x00000000a3c00000, 0x00000000a3c00000, 0x00000000a3d00000|  0%| F|  |TAMS 0x00000000a3c00000, 0x00000000a3c00000| Untracked 
|  41|0x00000000a3d00000, 0x00000000a3d00000, 0x00000000a3e00000|  0%| F|  |TAMS 0x00000000a3d00000, 0x00000000a3d00000| Untracked 
|  42|0x00000000a3e00000, 0x00000000a3e00000, 0x00000000a3f00000|  0%| F|  |TAMS 0x00000000a3e00000, 0x00000000a3e00000| Untracked 
|  43|0x00000000a3f00000, 0x00000000a3f00000, 0x00000000a4000000|  0%| F|  |TAMS 0x00000000a3f00000, 0x00000000a3f00000| Untracked 
|  44|0x00000000a4000000, 0x00000000a4000000, 0x00000000a4100000|  0%| F|  |TAMS 0x00000000a4000000, 0x00000000a4000000| Untracked 
|  45|0x00000000a4100000, 0x00000000a4100000, 0x00000000a4200000|  0%| F|  |TAMS 0x00000000a4100000, 0x00000000a4100000| Untracked 
|  46|0x00000000a4200000, 0x00000000a4200000, 0x00000000a4300000|  0%| F|  |TAMS 0x00000000a4200000, 0x00000000a4200000| Untracked 
|  47|0x00000000a4300000, 0x00000000a4300000, 0x00000000a4400000|  0%| F|  |TAMS 0x00000000a4300000, 0x00000000a4300000| Untracked 
|  48|0x00000000a4400000, 0x00000000a4400000, 0x00000000a4500000|  0%| F|  |TAMS 0x00000000a4400000, 0x00000000a4400000| Untracked 
|  49|0x00000000a4500000, 0x00000000a4500000, 0x00000000a4600000|  0%| F|  |TAMS 0x00000000a4500000, 0x00000000a4500000| Untracked 
|  50|0x00000000a4600000, 0x00000000a4600000, 0x00000000a4700000|  0%| F|  |TAMS 0x00000000a4600000, 0x00000000a4600000| Untracked 
|  51|0x00000000a4700000, 0x00000000a4700000, 0x00000000a4800000|  0%| F|  |TAMS 0x00000000a4700000, 0x00000000a4700000| Untracked 
|  52|0x00000000a4800000, 0x00000000a4800000, 0x00000000a4900000|  0%| F|  |TAMS 0x00000000a4800000, 0x00000000a4800000| Untracked 
|  53|0x00000000a4900000, 0x00000000a4900000, 0x00000000a4a00000|  0%| F|  |TAMS 0x00000000a4900000, 0x00000000a4900000| Untracked 
|  54|0x00000000a4a00000, 0x00000000a4a00000, 0x00000000a4b00000|  0%| F|  |TAMS 0x00000000a4a00000, 0x00000000a4a00000| Untracked 
|  55|0x00000000a4b00000, 0x00000000a4b00000, 0x00000000a4c00000|  0%| F|  |TAMS 0x00000000a4b00000, 0x00000000a4b00000| Untracked 
|  56|0x00000000a4c00000, 0x00000000a4c00000, 0x00000000a4d00000|  0%| F|  |TAMS 0x00000000a4c00000, 0x00000000a4c00000| Untracked 
|  57|0x00000000a4d00000, 0x00000000a4d00000, 0x00000000a4e00000|  0%| F|  |TAMS 0x00000000a4d00000, 0x00000000a4d00000| Untracked 
|  58|0x00000000a4e00000, 0x00000000a4e00000, 0x00000000a4f00000|  0%| F|  |TAMS 0x00000000a4e00000, 0x00000000a4e00000| Untracked 
|  59|0x00000000a4f00000, 0x00000000a4f00000, 0x00000000a5000000|  0%| F|  |TAMS 0x00000000a4f00000, 0x00000000a4f00000| Untracked 
|  60|0x00000000a5000000, 0x00000000a5000000, 0x00000000a5100000|  0%| F|  |TAMS 0x00000000a5000000, 0x00000000a5000000| Untracked 
|  61|0x00000000a5100000, 0x00000000a5100000, 0x00000000a5200000|  0%| F|  |TAMS 0x00000000a5100000, 0x00000000a5100000| Untracked 
|  62|0x00000000a5200000, 0x00000000a5200000, 0x00000000a5300000|  0%| F|  |TAMS 0x00000000a5200000, 0x00000000a5200000| Untracked 
|  63|0x00000000a5300000, 0x00000000a5398c40, 0x00000000a5400000| 59%| S|CS|TAMS 0x00000000a5300000, 0x00000000a5300000| Complete 
|  64|0x00000000a5400000, 0x00000000a5500000, 0x00000000a5500000|100%| S|CS|TAMS 0x00000000a5400000, 0x00000000a5400000| Complete 
|  65|0x00000000a5500000, 0x00000000a5600000, 0x00000000a5600000|100%| S|CS|TAMS 0x00000000a5500000, 0x00000000a5500000| Complete 
|  66|0x00000000a5600000, 0x00000000a5700000, 0x00000000a5700000|100%| S|CS|TAMS 0x00000000a5600000, 0x00000000a5600000| Complete 
|  67|0x00000000a5700000, 0x00000000a5780800, 0x00000000a5800000| 50%| E|  |TAMS 0x00000000a5700000, 0x00000000a5700000| Complete 
|  68|0x00000000a5800000, 0x00000000a5900000, 0x00000000a5900000|100%| E|CS|TAMS 0x00000000a5800000, 0x00000000a5800000| Complete 
|  69|0x00000000a5900000, 0x00000000a5a00000, 0x00000000a5a00000|100%| E|CS|TAMS 0x00000000a5900000, 0x00000000a5900000| Complete 
|  70|0x00000000a5a00000, 0x00000000a5b00000, 0x00000000a5b00000|100%| E|CS|TAMS 0x00000000a5a00000, 0x00000000a5a00000| Complete 
|  71|0x00000000a5b00000, 0x00000000a5c00000, 0x00000000a5c00000|100%| E|CS|TAMS 0x00000000a5b00000, 0x00000000a5b00000| Complete 
|  72|0x00000000a5c00000, 0x00000000a5d00000, 0x00000000a5d00000|100%| E|CS|TAMS 0x00000000a5c00000, 0x00000000a5c00000| Complete 
|  73|0x00000000a5d00000, 0x00000000a5e00000, 0x00000000a5e00000|100%| E|CS|TAMS 0x00000000a5d00000, 0x00000000a5d00000| Complete 
|  74|0x00000000a5e00000, 0x00000000a5f00000, 0x00000000a5f00000|100%| E|CS|TAMS 0x00000000a5e00000, 0x00000000a5e00000| Complete 
|  75|0x00000000a5f00000, 0x00000000a6000000, 0x00000000a6000000|100%| E|CS|TAMS 0x00000000a5f00000, 0x00000000a5f00000| Complete 
|  76|0x00000000a6000000, 0x00000000a6100000, 0x00000000a6100000|100%| E|CS|TAMS 0x00000000a6000000, 0x00000000a6000000| Complete 
|  77|0x00000000a6100000, 0x00000000a6200000, 0x00000000a6200000|100%| E|CS|TAMS 0x00000000a6100000, 0x00000000a6100000| Complete 
|  78|0x00000000a6200000, 0x00000000a6300000, 0x00000000a6300000|100%| E|CS|TAMS 0x00000000a6200000, 0x00000000a6200000| Complete 
|  79|0x00000000a6300000, 0x00000000a6400000, 0x00000000a6400000|100%| E|CS|TAMS 0x00000000a6300000, 0x00000000a6300000| Complete 
|  80|0x00000000a6400000, 0x00000000a6500000, 0x00000000a6500000|100%| E|CS|TAMS 0x00000000a6400000, 0x00000000a6400000| Complete 
|  81|0x00000000a6500000, 0x00000000a6600000, 0x00000000a6600000|100%| E|CS|TAMS 0x00000000a6500000, 0x00000000a6500000| Complete 
|  82|0x00000000a6600000, 0x00000000a6700000, 0x00000000a6700000|100%| E|CS|TAMS 0x00000000a6600000, 0x00000000a6600000| Complete 
|  83|0x00000000a6700000, 0x00000000a6800000, 0x00000000a6800000|100%| E|CS|TAMS 0x00000000a6700000, 0x00000000a6700000| Complete 
|  84|0x00000000a6800000, 0x00000000a6900000, 0x00000000a6900000|100%| E|CS|TAMS 0x00000000a6800000, 0x00000000a6800000| Complete 
|  85|0x00000000a6900000, 0x00000000a6a00000, 0x00000000a6a00000|100%| E|CS|TAMS 0x00000000a6900000, 0x00000000a6900000| Complete 
|  86|0x00000000a6a00000, 0x00000000a6b00000, 0x00000000a6b00000|100%| E|CS|TAMS 0x00000000a6a00000, 0x00000000a6a00000| Complete 
|  87|0x00000000a6b00000, 0x00000000a6c00000, 0x00000000a6c00000|100%| E|CS|TAMS 0x00000000a6b00000, 0x00000000a6b00000| Complete 
|  88|0x00000000a6c00000, 0x00000000a6d00000, 0x00000000a6d00000|100%| E|CS|TAMS 0x00000000a6c00000, 0x00000000a6c00000| Complete 
|  89|0x00000000a6d00000, 0x00000000a6e00000, 0x00000000a6e00000|100%| E|CS|TAMS 0x00000000a6d00000, 0x00000000a6d00000| Complete 
|  90|0x00000000a6e00000, 0x00000000a6f00000, 0x00000000a6f00000|100%| E|CS|TAMS 0x00000000a6e00000, 0x00000000a6e00000| Complete 
|  91|0x00000000a6f00000, 0x00000000a7000000, 0x00000000a7000000|100%| E|CS|TAMS 0x00000000a6f00000, 0x00000000a6f00000| Complete 
|  92|0x00000000a7000000, 0x00000000a7100000, 0x00000000a7100000|100%| E|CS|TAMS 0x00000000a7000000, 0x00000000a7000000| Complete 
|  93|0x00000000a7100000, 0x00000000a7200000, 0x00000000a7200000|100%| E|CS|TAMS 0x00000000a7100000, 0x00000000a7100000| Complete 
|  94|0x00000000a7200000, 0x00000000a7300000, 0x00000000a7300000|100%| E|CS|TAMS 0x00000000a7200000, 0x00000000a7200000| Complete 
|  95|0x00000000a7300000, 0x00000000a7400000, 0x00000000a7400000|100%| E|CS|TAMS 0x00000000a7300000, 0x00000000a7300000| Complete 

Card table byte_map: [0x000001c4bb0f0000,0x000001c4bb3f0000] _byte_map_base: 0x000001c4babe6000

Marking Bits (Prev, Next): (CMBitMap*) 0x000001c4a19a5a20, (CMBitMap*) 0x000001c4a19a5a60
 Prev Bits: [0x000001c4bb6f0000, 0x000001c4bcea0000)
 Next Bits: [0x000001c4bcea0000, 0x000001c4be650000)

Polling page: 0x000001c4ab350000

Metaspace:

Usage:
  Non-class:     15.41 MB capacity,    15.28 MB (>99%) used,   109.62 KB ( <1%) free+waste,    22.62 KB ( <1%) overhead. 
      Class:      2.35 MB capacity,     2.26 MB ( 96%) used,    86.11 KB (  4%) free+waste,     9.69 KB ( <1%) overhead. 
       Both:     17.77 MB capacity,    17.54 MB ( 99%) used,   195.73 KB (  1%) free+waste,    32.31 KB ( <1%) overhead. 

Virtual space:
  Non-class space:       16.00 MB reserved,      15.50 MB ( 97%) committed 
      Class space:        1.00 GB reserved,       2.38 MB ( <1%) committed 
             Both:        1.02 GB reserved,      17.88 MB (  2%) committed 

Chunk freelists:
   Non-Class:  26.00 KB
       Class:  22.00 KB
        Both:  48.00 KB

MaxMetaspaceSize: 17179869184.00 GB
CompressedClassSpaceSize: 1.00 GB

CodeHeap 'non-profiled nmethods': size=120000Kb used=1049Kb max_used=1049Kb free=118951Kb
 bounds [0x000001c4b2e40000, 0x000001c4b30b0000, 0x000001c4ba370000]
CodeHeap 'profiled nmethods': size=120000Kb used=5019Kb max_used=5019Kb free=114980Kb
 bounds [0x000001c4ab910000, 0x000001c4abe00000, 0x000001c4b2e40000]
CodeHeap 'non-nmethods': size=5760Kb used=1228Kb max_used=1247Kb free=4531Kb
 bounds [0x000001c4ab370000, 0x000001c4ab5e0000, 0x000001c4ab910000]
 total_blobs=2993 nmethods=2488 adapters=417
 compilation: enabled
              stopped_count=0, restarted_count=0
 full_count=0

Compilation events (20 events):
Event: 24.886 Thread 0x000001c4c10e2570 2483       3       java.lang.Class::forName (15 bytes)
Event: 24.887 Thread 0x000001c4c10e2570 nmethod 2483 0x000001c4abdf1010 code [0x000001c4abdf11c0, 0x000001c4abdf13d8]
Event: 24.888 Thread 0x000001c4c10e2570 2484       3       java.lang.Class::getMethodsRecursive (99 bytes)
Event: 24.889 Thread 0x000001c4c10e2570 nmethod 2484 0x000001c4abdf1510 code [0x000001c4abdf1740, 0x000001c4abdf1cc8]
Event: 24.894 Thread 0x000001c4c10e2570 2485       3       java.lang.Class::getInterfaces (49 bytes)
Event: 24.895 Thread 0x000001c4c10e2570 nmethod 2485 0x000001c4abdf2010 code [0x000001c4abdf2200, 0x000001c4abdf26d8]
Event: 24.897 Thread 0x000001c4c10e2570 2487       3       java.lang.invoke.MemberName$Factory::resolveOrNull (28 bytes)
Event: 24.898 Thread 0x000001c4c10e2570 nmethod 2487 0x000001c4abdf2810 code [0x000001c4abdf29c0, 0x000001c4abdf2c48]
Event: 24.921 Thread 0x000001c4c10e2570 2488   !   3       jdk.internal.loader.BuiltinClassLoader$2::run (114 bytes)
Event: 24.923 Thread 0x000001c4c10e2570 nmethod 2488 0x000001c4abdf2d90 code [0x000001c4abdf3020, 0x000001c4abdf3eb8]
Event: 25.138 Thread 0x000001c4c10e2570 2491   !   3       java.nio.CharBuffer::wrap (21 bytes)
Event: 25.138 Thread 0x000001c4c10e2570 nmethod 2491 0x000001c4abdf4390 code [0x000001c4abdf4540, 0x000001c4abdf47d8]
Event: 25.166 Thread 0x000001c4c10e2570 2492   !   3       org.openqa.selenium.json.JsonOutput::getMethod (68 bytes)
Event: 25.167 Thread 0x000001c4c10e2570 nmethod 2492 0x000001c4abdf4910 code [0x000001c4abdf4ba0, 0x000001c4abdf5598]
Event: 25.167 Thread 0x000001c4c10e2570 2493       3       java.util.stream.ReferencePipeline::filter (22 bytes)
Event: 25.168 Thread 0x000001c4c10e2570 nmethod 2493 0x000001c4abdf5a10 code [0x000001c4abdf5c00, 0x000001c4abdf6138]
Event: 25.168 Thread 0x000001c4c10e2570 2495       3       com.google.common.collect.ImmutableEntry::<init> (15 bytes)
Event: 25.169 Thread 0x000001c4c10e2570 nmethod 2495 0x000001c4abdf6390 code [0x000001c4abdf6540, 0x000001c4abdf67b8]
Event: 25.169 Thread 0x000001c4c10e2570 2494       3       java.util.stream.ReferencePipeline$2::<init> (20 bytes)
Event: 25.169 Thread 0x000001c4c10e2570 nmethod 2494 0x000001c4abdf6890 code [0x000001c4abdf6a40, 0x000001c4abdf6d08]

GC Heap History (4 events):
Event: 4.263 GC heap before
{Heap before GC invocations=0 (full 0):
 garbage-first heap   total 98304K, used 22528K [0x00000000a1400000, 0x0000000100000000)
  region size 1024K, 23 young (23552K), 0 survivors (0K)
 Metaspace       used 5898K, capacity 7202K, committed 7424K, reserved 1056768K
  class space    used 807K, capacity 953K, committed 1024K, reserved 1048576K
}
Event: 4.275 GC heap after
{Heap after GC invocations=1 (full 0):
 garbage-first heap   total 98304K, used 4640K [0x00000000a1400000, 0x0000000100000000)
  region size 1024K, 3 young (3072K), 3 survivors (3072K)
 Metaspace       used 5898K, capacity 7202K, committed 7424K, reserved 1056768K
  class space    used 807K, capacity 953K, committed 1024K, reserved 1048576K
}
Event: 6.138 GC heap before
{Heap before GC invocations=1 (full 0):
 garbage-first heap   total 98304K, used 31264K [0x00000000a1400000, 0x0000000100000000)
  region size 1024K, 29 young (29696K), 3 survivors (3072K)
 Metaspace       used 11876K, capacity 12078K, committed 12416K, reserved 1060864K
  class space    used 1478K, capacity 1547K, committed 1664K, reserved 1048576K
}
Event: 6.151 GC heap after
{Heap after GC invocations=2 (full 0):
 garbage-first heap   total 98304K, used 8449K [0x00000000a1400000, 0x0000000100000000)
  region size 1024K, 4 young (4096K), 4 survivors (4096K)
 Metaspace       used 11876K, capacity 12078K, committed 12416K, reserved 1060864K
  class space    used 1478K, capacity 1547K, committed 1664K, reserved 1048576K
}

Deoptimization events (20 events):
Event: 14.561 Thread 0x000001c4a196afa0 DEOPT PACKING pc=0x000001c4b2f2efb8 sp=0x00000024a16fbb40
Event: 14.561 Thread 0x000001c4a196afa0 DEOPT UNPACKING pc=0x000001c4ab3be42f sp=0x00000024a16fbb38 mode 2
Event: 14.561 Thread 0x000001c4a196afa0 Uncommon trap: trap_request=0xffffffde fr.pc=0x000001c4b2f2efb8 relative=0x0000000000000638
Event: 14.561 Thread 0x000001c4a196afa0 Uncommon trap: reason=class_check action=maybe_recompile pc=0x000001c4b2f2efb8 method=org.openqa.selenium.json.Input.init()V @ 18 c2
Event: 14.561 Thread 0x000001c4a196afa0 DEOPT PACKING pc=0x000001c4b2f2efb8 sp=0x00000024a16fbb40
Event: 14.561 Thread 0x000001c4a196afa0 DEOPT UNPACKING pc=0x000001c4ab3be42f sp=0x00000024a16fbb38 mode 2
Event: 14.601 Thread 0x000001c4a196afa0 DEOPT PACKING pc=0x000001c4abd57f3a sp=0x00000024a16fb410
Event: 14.601 Thread 0x000001c4a196afa0 DEOPT UNPACKING pc=0x000001c4ab3be23f sp=0x00000024a16fa920 mode 0
Event: 14.615 Thread 0x000001c4a196afa0 Uncommon trap: trap_request=0xffffff45 fr.pc=0x000001c4b2eaef88 relative=0x0000000000000088
Event: 14.615 Thread 0x000001c4a196afa0 Uncommon trap: reason=unstable_if action=reinterpret pc=0x000001c4b2eaef88 method=java.lang.Math.floorMod(JJ)J @ 10 c2
Event: 14.615 Thread 0x000001c4a196afa0 DEOPT PACKING pc=0x000001c4b2eaef88 sp=0x00000024a16fbed0
Event: 14.616 Thread 0x000001c4a196afa0 DEOPT UNPACKING pc=0x000001c4ab3be42f sp=0x00000024a16fbe60 mode 2
Event: 14.617 Thread 0x000001c4a196afa0 Uncommon trap: trap_request=0xffffff45 fr.pc=0x000001c4b2f19d90 relative=0x0000000000001370
Event: 14.617 Thread 0x000001c4a196afa0 Uncommon trap: reason=unstable_if action=reinterpret pc=0x000001c4b2f19d90 method=java.util.concurrent.ConcurrentHashMap.putVal(Ljava/lang/Object;Ljava/lang/Object;Z)Ljava/lang/Object; @ 256 c2
Event: 14.617 Thread 0x000001c4a196afa0 DEOPT PACKING pc=0x000001c4b2f19d90 sp=0x00000024a16fc230
Event: 14.617 Thread 0x000001c4a196afa0 DEOPT UNPACKING pc=0x000001c4ab3be42f sp=0x00000024a16fc198 mode 2
Event: 24.719 Thread 0x000001c4a196afa0 Uncommon trap: trap_request=0xffffff45 fr.pc=0x000001c4b2f390e8 relative=0x0000000000000348
Event: 24.720 Thread 0x000001c4a196afa0 Uncommon trap: reason=unstable_if action=reinterpret pc=0x000001c4b2f390e8 method=java.util.regex.Matcher.search(I)Z @ 76 c2
Event: 24.720 Thread 0x000001c4a196afa0 DEOPT PACKING pc=0x000001c4b2f390e8 sp=0x00000024a16fe060
Event: 24.720 Thread 0x000001c4a196afa0 DEOPT UNPACKING pc=0x000001c4ab3be42f sp=0x00000024a16fe000 mode 2

Classes unloaded (0 events):
No events

Classes redefined (0 events):
No events

Internal exceptions (20 events):
Event: 7.115 Thread 0x000001c4c27cd0b0 Exception <a 'java/lang/NoSuchMethodError'{0x00000000a6c24f38}: 'java.lang.Object java.lang.invoke.DirectMethodHandle$Holder.newInvokeSpecial(java.lang.Object, java.lang.Object, long)'> (0x00000000a6c24f38) 
thrown [./open/src/hotspot/share/interpreter/linkResolver.cpp, line 782]
Event: 7.116 Thread 0x000001c4c27cd0b0 Exception <a 'java/lang/NoSuchMethodError'{0x00000000a6c28ca8}: 'java.lang.Object java.lang.invoke.Invokers$Holder.linkToTargetMethod(java.lang.Object, long, java.lang.Object)'> (0x00000000a6c28ca8) 
thrown [./open/src/hotspot/share/interpreter/linkResolver.cpp, line 782]
Event: 7.476 Thread 0x000001c4c217e760 Exception <a 'java/net/SocketException'{0x00000000a6c88be0}: Socket is not connected: shutdown> (0x00000000a6c88be0) 
thrown [./open/src/hotspot/share/prims/jni.cpp, line 599]
Event: 8.005 Thread 0x000001c4c217e760 Exception <a 'java/net/SocketException'{0x00000000a6c89eb8}: Socket is not connected: shutdown> (0x00000000a6c89eb8) 
thrown [./open/src/hotspot/share/prims/jni.cpp, line 599]
Event: 8.545 Thread 0x000001c4c217e760 Exception <a 'java/net/SocketException'{0x00000000a6c8b0c0}: Socket is not connected: shutdown> (0x00000000a6c8b0c0) 
thrown [./open/src/hotspot/share/prims/jni.cpp, line 599]
Event: 8.677 Thread 0x000001c4a196afa0 Exception <a 'java/lang/NoSuchMethodError'{0x00000000a6b9d838}: 'java.lang.Object java.lang.invoke.DirectMethodHandle$Holder.invokeInterface(java.lang.Object, java.lang.Object, java.lang.Object)'> (0x00000000a6b9d838) 
thrown [./open/src/hotspot/share/interpreter/linkResolver.cpp, line 782]
Event: 8.678 Thread 0x000001c4a196afa0 Exception <a 'java/lang/IncompatibleClassChangeError'{0x00000000a6ba1378}: Found class java.lang.Object, but interface was expected> (0x00000000a6ba1378) 
thrown [./open/src/hotspot/share/interpreter/linkResolver.cpp, line 848]
Event: 8.691 Thread 0x000001c4a196afa0 Exception <a 'java/lang/NoSuchMethodError'{0x00000000a6ba8818}: 'int java.lang.invoke.DirectMethodHandle$Holder.invokeSpecialIFC(java.lang.Object, java.lang.Object, java.lang.Object, java.lang.Object)'> (0x00000000a6ba8818) 
thrown [./open/src/hotspot/share/interpreter/linkResolver.cpp, line 782]
Event: 8.725 Thread 0x000001c4a196afa0 Exception <a 'java/lang/NoSuchMethodError'{0x00000000a6a06e68}: 'int java.lang.invoke.DirectMethodHandle$Holder.invokeVirtual(java.lang.Object, java.lang.Object)'> (0x00000000a6a06e68) 
thrown [./open/src/hotspot/share/interpreter/linkResolver.cpp, line 782]
Event: 8.728 Thread 0x000001c4a196afa0 Exception <a 'java/lang/NoSuchMethodError'{0x00000000a6a0d8d0}: 'double java.lang.invoke.DirectMethodHandle$Holder.invokeVirtual(java.lang.Object, java.lang.Object)'> (0x00000000a6a0d8d0) 
thrown [./open/src/hotspot/share/interpreter/linkResolver.cpp, line 782]
Event: 8.731 Thread 0x000001c4a196afa0 Exception <a 'java/lang/NoSuchMethodError'{0x00000000a6a14688}: 'float java.lang.invoke.DirectMethodHandle$Holder.invokeVirtual(java.lang.Object, java.lang.Object)'> (0x00000000a6a14688) 
thrown [./open/src/hotspot/share/interpreter/linkResolver.cpp, line 782]
Event: 8.736 Thread 0x000001c4a196afa0 Exception <a 'java/lang/NoSuchMethodError'{0x00000000a6a1de90}: 'long java.lang.invoke.DirectMethodHandle$Holder.invokeVirtual(java.lang.Object, java.lang.Object)'> (0x00000000a6a1de90) 
thrown [./open/src/hotspot/share/interpreter/linkResolver.cpp, line 782]
Event: 8.752 Thread 0x000001c4a196afa0 Exception <a 'java/lang/NoSuchMethodError'{0x00000000a6a46db0}: 'void java.lang.invoke.DirectMethodHandle$Holder.invokeStatic(java.lang.Object, java.lang.Object, java.lang.Object)'> (0x00000000a6a46db0) 
thrown [./open/src/hotspot/share/interpreter/linkResolver.cpp, line 782]
Event: 8.884 Thread 0x000001c4a196afa0 Exception <a 'java/lang/NoSuchMethodError'{0x00000000a697ffa8}: 'void java.lang.invoke.DirectMethodHandle$Holder.invokeSpecial(java.lang.Object, java.lang.Object, java.lang.Object, java.lang.Object, java.lang.Object)'> (0x00000000a697ffa8) 
thrown [./open/src/hotspot/share/interpreter/linkResolver.cpp, line 782]
Event: 9.063 Thread 0x000001c4a196afa0 Exception <a 'java/lang/NoSuchMethodError'{0x00000000a66391e0}: 'java.lang.Object java.lang.invoke.Invokers$Holder.invokeExact_MT(java.lang.Object, java.lang.Object, java.lang.Object, java.lang.Object, java.lang.Object, java.lang.Object)'> (0x00000000a66391e0) 
thrown [./open/src/hotspot/share/interpreter/linkResolver.cpp, line 782]
Event: 9.378 Thread 0x000001c4a196afa0 Exception <a 'java/lang/NoSuchMethodError'{0x00000000a5fd7cd8}: 'void java.lang.invoke.DirectMethodHandle$Holder.invokeStatic(java.lang.Object, java.lang.Object, java.lang.Object, java.lang.Object)'> (0x00000000a5fd7cd8) 
thrown [./open/src/hotspot/share/interpreter/linkResolver.cpp, line 782]
Event: 14.569 Thread 0x000001c4a196afa0 Exception <a 'java/lang/NoSuchMethodError'{0x00000000a5dce148}: 'java.lang.Object java.lang.invoke.DirectMethodHandle$Holder.invokeSpecialIFC(java.lang.Object, java.lang.Object, java.lang.Object)'> (0x00000000a5dce148) 
thrown [./open/src/hotspot/share/interpreter/linkResolver.cpp, line 782]
Event: 14.621 Thread 0x000001c4a196afa0 Exception <a 'java/lang/NoSuchMethodError'{0x00000000a5c51e98}: 'java.lang.Object java.lang.invoke.DirectMethodHandle$Holder.invokeStatic(java.lang.Object, int, java.lang.Object)'> (0x00000000a5c51e98) 
thrown [./open/src/hotspot/share/interpreter/linkResolver.cpp, line 782]
Event: 14.643 Thread 0x000001c4a196afa0 Exception <a 'java/lang/ClassNotFoundException'{0x00000000a5c820f8}: sun/util/logging/resources/spi/loggingProvider> (0x00000000a5c820f8) 
thrown [./open/src/hotspot/share/classfile/systemDictionary.cpp, line 295]
Event: 24.896 Thread 0x000001c4a196afa0 Exception <a 'java/lang/NoSuchMethodError'{0x00000000a59bfa00}: 'long java.lang.invoke.DirectMethodHandle$Holder.invokeSpecial(java.lang.Object, java.lang.Object)'> (0x00000000a59bfa00) 
thrown [./open/src/hotspot/share/interpreter/linkResolver.cpp, line 782]

Events (20 events):
Event: 14.648 loading class java/time/ZonedDateTime$1
Event: 14.648 loading class java/time/ZonedDateTime$1 done
Event: 14.676 loading class java/util/UUID$Holder
Event: 14.676 loading class java/util/UUID$Holder done
Event: 14.902 loading class java/util/concurrent/TimeUnit$1
Event: 14.903 loading class java/util/concurrent/TimeUnit$1 done
Event: 14.905 Executing VM operation: ICBufferFull
Event: 14.905 Executing VM operation: ICBufferFull done
Event: 14.906 Executing VM operation: HandshakeAllThreads
Event: 14.906 Executing VM operation: HandshakeAllThreads done
Event: 14.908 Loaded shared library C:\Program Files\Java\jdk-15.0.1\bin\java.dll
Event: 14.929 Thread 0x000001c4c20f8c00 Thread added: 0x000001c4c20f8c00
Event: 14.940 loading class java/util/concurrent/ConcurrentLinkedQueue$Itr
Event: 14.959 loading class java/util/concurrent/ConcurrentLinkedQueue$Itr done
Event: 24.782 loading class java/awt/image/BufferedImage
Event: 24.783 loading class java/awt/image/WritableRenderedImage
Event: 24.784 loading class java/awt/image/WritableRenderedImage done
Event: 24.784 loading class java/awt/Image
Event: 24.784 loading class java/awt/Image done
Event: 24.785 loading class java/awt/image/BufferedImage done


Dynamic libraries:
0x00007ff72a980000 - 0x00007ff72a98f000 	C:\Program Files\Java\jdk-15.0.1\bin\javaw.exe
0x00007ffda28f0000 - 0x00007ffda2ae6000 	C:\WINDOWS\SYSTEM32\ntdll.dll
0x00007ffd7ae30000 - 0x00007ffd7ae42000 	C:\Program Files\AVAST Software\Avast\aswhook.dll
0x00007ffda0e50000 - 0x00007ffda0f0d000 	C:\WINDOWS\System32\KERNEL32.DLL
0x00007ffda01d0000 - 0x00007ffda0499000 	C:\WINDOWS\System32\KERNELBASE.dll
0x00007ffda0520000 - 0x00007ffda0620000 	C:\WINDOWS\System32\ucrtbase.dll
0x00007ffd9aa00000 - 0x00007ffd9aa18000 	C:\Program Files\Java\jdk-15.0.1\bin\jli.dll
0x00007ffda2590000 - 0x00007ffda263c000 	C:\WINDOWS\System32\ADVAPI32.dll
0x00007ffda18d0000 - 0x00007ffda196e000 	C:\WINDOWS\System32\msvcrt.dll
0x00007ffda1b70000 - 0x00007ffda1c0c000 	C:\WINDOWS\System32\sechost.dll
0x00007ffda0d20000 - 0x00007ffda0e4b000 	C:\WINDOWS\System32\RPCRT4.dll
0x00007ffda19d0000 - 0x00007ffda1b70000 	C:\WINDOWS\System32\USER32.dll
0x00007ffda0030000 - 0x00007ffda0052000 	C:\WINDOWS\System32\win32u.dll
0x00007ffda1c10000 - 0x00007ffda1c3a000 	C:\WINDOWS\System32\GDI32.dll
0x00007ffda00c0000 - 0x00007ffda01cb000 	C:\WINDOWS\System32\gdi32full.dll
0x00007ffda0880000 - 0x00007ffda091d000 	C:\WINDOWS\System32\msvcp_win.dll
0x00007ffd90130000 - 0x00007ffd90149000 	C:\Program Files\Java\jdk-15.0.1\bin\VCRUNTIME140.dll
0x00007ffd74cb0000 - 0x00007ffd74f4b000 	C:\WINDOWS\WinSxS\amd64_microsoft.windows.common-controls_6595b64144ccf1df_6.0.19041.746_none_ca02b4b61b8320a4\COMCTL32.dll
0x00007ffd98300000 - 0x00007ffd9830a000 	C:\WINDOWS\SYSTEM32\VERSION.dll
0x00007ffda1380000 - 0x00007ffda13b0000 	C:\WINDOWS\System32\IMM32.DLL
0x00007ffd9a9f0000 - 0x00007ffd9a9fc000 	C:\Program Files\Java\jdk-15.0.1\bin\vcruntime140_1.dll
0x00007ffd84200000 - 0x00007ffd84291000 	C:\Program Files\Java\jdk-15.0.1\bin\msvcp140.dll
0x00007ffd2e4f0000 - 0x00007ffd2f04e000 	C:\Program Files\Java\jdk-15.0.1\bin\server\jvm.dll
0x00007ffda18c0000 - 0x00007ffda18c8000 	C:\WINDOWS\System32\PSAPI.DLL
0x00007ffd8b510000 - 0x00007ffd8b519000 	C:\WINDOWS\SYSTEM32\WSOCK32.dll
0x00007ffda2450000 - 0x00007ffda24bb000 	C:\WINDOWS\System32\WS2_32.dll
0x00007ffd8e430000 - 0x00007ffd8e457000 	C:\WINDOWS\SYSTEM32\WINMM.dll
0x00007ffd9e900000 - 0x00007ffd9e912000 	C:\WINDOWS\SYSTEM32\kernel.appcore.dll
0x00007ffd993e0000 - 0x00007ffd993ea000 	C:\Program Files\Java\jdk-15.0.1\bin\jimage.dll
0x00007ffd9e6e0000 - 0x00007ffd9e8c4000 	C:\WINDOWS\SYSTEM32\DBGHELP.DLL
0x00007ffd90e90000 - 0x00007ffd90ebc000 	C:\WINDOWS\SYSTEM32\dbgcore.DLL
0x00007ffda04a0000 - 0x00007ffda0520000 	C:\WINDOWS\System32\bcryptPrimitives.dll
0x00007ffd8e400000 - 0x00007ffd8e425000 	C:\Program Files\Java\jdk-15.0.1\bin\java.dll
0x00007ffda1d00000 - 0x00007ffda2442000 	C:\WINDOWS\System32\SHELL32.dll
0x00007ffd9de90000 - 0x00007ffd9e620000 	C:\WINDOWS\SYSTEM32\windows.storage.dll
0x00007ffda1560000 - 0x00007ffda18b6000 	C:\WINDOWS\System32\combase.dll
0x00007ffd9f9c0000 - 0x00007ffd9f9ec000 	C:\WINDOWS\SYSTEM32\Wldp.dll
0x00007ffda0be0000 - 0x00007ffda0c8e000 	C:\WINDOWS\System32\SHCORE.dll
0x00007ffda1ca0000 - 0x00007ffda1cf5000 	C:\WINDOWS\System32\shlwapi.dll
0x00007ffd9ff60000 - 0x00007ffd9ff86000 	C:\WINDOWS\SYSTEM32\profapi.dll
0x00007ffd8e320000 - 0x00007ffd8e339000 	C:\Program Files\Java\jdk-15.0.1\bin\net.dll
0x00007ffd9a030000 - 0x00007ffd9a130000 	C:\WINDOWS\SYSTEM32\WINHTTP.dll
0x00007ffd9f740000 - 0x00007ffd9f7aa000 	C:\WINDOWS\system32\mswsock.dll
0x00007ffd8e300000 - 0x00007ffd8e312000 	C:\Program Files\Java\jdk-15.0.1\bin\nio.dll
0x00007ffd8e190000 - 0x00007ffd8e1a8000 	C:\Program Files\Java\jdk-15.0.1\bin\zip.dll
0x00007ffd94c30000 - 0x00007ffd94c40000 	C:\Program Files\Java\jdk-15.0.1\bin\verify.dll
0x00007ffd9f430000 - 0x00007ffd9f46b000 	C:\WINDOWS\SYSTEM32\IPHLPAPI.DLL
0x00007ffda2640000 - 0x00007ffda2648000 	C:\WINDOWS\System32\NSI.dll
0x00007ffd9de70000 - 0x00007ffd9de87000 	C:\WINDOWS\SYSTEM32\dhcpcsvc6.DLL
0x00007ffd9de50000 - 0x00007ffd9de6d000 	C:\WINDOWS\SYSTEM32\dhcpcsvc.DLL
0x00007ffd9f470000 - 0x00007ffd9f53b000 	C:\WINDOWS\SYSTEM32\DNSAPI.dll
0x00007ffd93bb0000 - 0x00007ffd93bb9000 	C:\Program Files\Java\jdk-15.0.1\bin\management.dll
0x00007ffd90e70000 - 0x00007ffd90e7b000 	C:\Program Files\Java\jdk-15.0.1\bin\management_ext.dll
0x00007ffd82460000 - 0x00007ffd82477000 	C:\WINDOWS\system32\napinsp.dll
0x00007ffd82440000 - 0x00007ffd8245b000 	C:\WINDOWS\system32\pnrpnsp.dll
0x00007ffd9b110000 - 0x00007ffd9b125000 	C:\WINDOWS\system32\wshbth.dll
0x00007ffd98c30000 - 0x00007ffd98c4d000 	C:\WINDOWS\system32\NLAapi.dll
0x00007ffd82120000 - 0x00007ffd82132000 	C:\WINDOWS\System32\winrnr.dll
0x00007ffd982c0000 - 0x00007ffd982ca000 	C:\Windows\System32\rasadhlp.dll
0x00007ffd8b920000 - 0x00007ffd8b99f000 	C:\WINDOWS\System32\fwpuclnt.dll
0x00007ffda0920000 - 0x00007ffda0947000 	C:\WINDOWS\System32\bcrypt.dll
0x00007ffd9f910000 - 0x00007ffd9f928000 	C:\WINDOWS\SYSTEM32\CRYPTSP.dll
0x00007ffd9f0e0000 - 0x00007ffd9f114000 	C:\WINDOWS\system32\rsaenh.dll
0x00007ffd9ff20000 - 0x00007ffd9ff4e000 	C:\WINDOWS\SYSTEM32\USERENV.dll
0x00007ffd9f930000 - 0x00007ffd9f93c000 	C:\WINDOWS\SYSTEM32\CRYPTBASE.dll
0x00007ffd90120000 - 0x00007ffd9012d000 	C:\Program Files\Java\jdk-15.0.1\bin\sunmscapi.dll
0x00007ffda0620000 - 0x00007ffda0776000 	C:\WINDOWS\System32\CRYPT32.dll
0x00007ffd9fa30000 - 0x00007ffd9fa57000 	C:\WINDOWS\SYSTEM32\ncrypt.dll
0x00007ffd9f9f0000 - 0x00007ffd9fa2b000 	C:\WINDOWS\SYSTEM32\NTASN1.dll

dbghelp: loaded successfully - version: 4.0.5 - missing functions: none
symbol engine: initialized successfully - sym options: 0x614 - pdb path: .;C:\Program Files\Java\jdk-15.0.1\bin;C:\WINDOWS\SYSTEM32;C:\Program Files\AVAST Software\Avast;C:\WINDOWS\WinSxS\amd64_microsoft.windows.common-controls_6595b64144ccf1df_6.0.19041.746_none_ca02b4b61b8320a4;C:\Program Files\Java\jdk-15.0.1\bin\server

VM Arguments:
jvm_args: -ea -Dfile.encoding=UTF-8 -XX:+ShowCodeDetailsInExceptionMessages 
java_command: org.eclipse.jdt.internal.junit.runner.RemoteTestRunner -version 3 -port 13400 -testLoaderClass org.eclipse.jdt.internal.junit4.runner.JUnit4TestLoader -loaderpluginname org.eclipse.jdt.junit4.runtime -classNames selnidetestRunner.selnTestRunner
java_class_path (initial): C:\Users\AKHIL\eclipse-workspace\Selenide\target\test-classes;C:\Users\AKHIL\eclipse-workspace\Selenide\target\classes;C:\Users\AKHIL\.m2\repository\info\cukes\cucumber-java\1.2.5\cucumber-java-1.2.5.jar;C:\Users\AKHIL\.m2\repository\info\cukes\cucumber-core\1.2.5\cucumber-core-1.2.5.jar;C:\Users\AKHIL\.m2\repository\info\cukes\cucumber-html\0.2.3\cucumber-html-0.2.3.jar;C:\Users\AKHIL\.m2\repository\info\cukes\cucumber-jvm-deps\1.0.5\cucumber-jvm-deps-1.0.5.jar;C:\Users\AKHIL\.m2\repository\info\cukes\gherkin\2.12.2\gherkin-2.12.2.jar;C:\Users\AKHIL\.m2\repository\org\seleniumhq\selenium\selenium-java\3.141.59\selenium-java-3.141.59.jar;C:\Users\AKHIL\.m2\repository\org\seleniumhq\selenium\selenium-api\3.141.59\selenium-api-3.141.59.jar;C:\Users\AKHIL\.m2\repository\org\seleniumhq\selenium\selenium-chrome-driver\3.141.59\selenium-chrome-driver-3.141.59.jar;C:\Users\AKHIL\.m2\repository\org\seleniumhq\selenium\selenium-edge-driver\3.141.59\selenium-edge-driver-3.141.59.jar;C:\Users\AKHIL\.m2\repository\org\seleniumhq\selenium\selenium-firefox-driver\3.141.59\selenium-firefox-driver-3.141.59.jar;C:\Users\AKHIL\.m2\repository\org\seleniumhq\selenium\selenium-ie-driver\3.141.59\selenium-ie-driver-3.141.59.jar;C:\Users\AKHIL\.m2\repository\org\seleniumhq\selenium\selenium-opera-driver\3.141.59\selenium-opera-driver-3.141.59.jar;C:\Users\AKHIL\.m2\repository\org\seleniumhq\selenium\selenium-remote-driver\3.141.59\selenium-remote-driver-3.141.59.jar;C:\Users\AKHIL\.m2\repository\org\seleniumhq\selenium\selenium-safari-driver\3.141.59\selenium-safari-driver-3.141.59.jar;C:\Users\AKHIL\.m2\repository\org\seleniumhq\selenium\selenium-support\3.141.59\selenium-support-3.141.59.jar;C:\Users\AKHIL\.m2\repository\net\bytebuddy\byte-buddy\1.8.15\byte-buddy-1.8.15.jar;C:\Users\AKHIL\.m2\repository\org\apache\commons\commons-exec\1.3\commons-exec-1.3.jar;C:\Users\AKHIL\.m2\repository\com\google\guava\guava\25.0-jre\guava-25.0-jre.jar;C:\Users\AKHIL\.m2\
Launcher Type: SUN_STANDARD

[Global flags]
     intx CICompilerCount                          = 4                                         {product} {ergonomic}
     uint ConcGCThreads                            = 2                                         {product} {ergonomic}
     uint G1ConcRefinementThreads                  = 8                                         {product} {ergonomic}
   size_t G1HeapRegionSize                         = 1048576                                   {product} {ergonomic}
    uintx GCDrainStackTargetSize                   = 64                                        {product} {ergonomic}
   size_t InitialHeapSize                          = 100663296                                 {product} {ergonomic}
   size_t MarkStackSize                            = 4194304                                   {product} {ergonomic}
   size_t MaxHeapSize                              = 1589641216                                {product} {ergonomic}
   size_t MaxNewSize                               = 953155584                                 {product} {ergonomic}
   size_t MinHeapDeltaBytes                        = 1048576                                   {product} {ergonomic}
   size_t MinHeapSize                              = 8388608                                   {product} {ergonomic}
    uintx NonNMethodCodeHeapSize                   = 5839372                                {pd product} {ergonomic}
    uintx NonProfiledCodeHeapSize                  = 122909434                              {pd product} {ergonomic}
    uintx ProfiledCodeHeapSize                     = 122909434                              {pd product} {ergonomic}
    uintx ReservedCodeCacheSize                    = 251658240                              {pd product} {ergonomic}
     bool SegmentedCodeCache                       = true                                      {product} {ergonomic}
     bool ShowCodeDetailsInExceptionMessages       = true                                   {manageable} {command line}
   size_t SoftMaxHeapSize                          = 1589641216                             {manageable} {ergonomic}
     bool UseCompressedClassPointers               = true                                 {lp64_product} {ergonomic}
     bool UseCompressedOops                        = true                                 {lp64_product} {ergonomic}
     bool UseG1GC                                  = true                                      {product} {ergonomic}
     bool UseLargePagesIndividualAllocation        = false                                  {pd product} {ergonomic}

Logging:
Log output configuration:
 #0: stdout all=warning uptime,level,tags
 #1: stderr all=off uptime,level,tags

Environment Variables:
JAVA_HOME=C:\Program Files\Java\jdk-15.0.1
PATH=C:\Program Files\Common Files\Oracle\Java\javapath;C:\WINDOWS\system32;C:\WINDOWS;C:\WINDOWS\System32\Wbem;C:\WINDOWS\System32\WindowsPowerShell\v1.0\;C:\WINDOWS\System32\OpenSSH\;C:\Program Files\dotnet\;C:\Program Files\Microsoft SQL Server\130\Tools\Binn\;C:\Program Files\Microsoft SQL Server\Client SDK\ODBC\170\Tools\Binn\;C:\Program Files\PuTTY\;C:\Program Files\Java\jdk-15.0.1\bin;C:\Program Files (x86)\Microsoft SQL Server\150\DTS\Binn\;C:\Program Files\Azure Data Studio\bin;C:\Program Files (x86)\PuTTY\;C:\Users\AKHIL\AppData\Local\Microsoft\WindowsApps;C:\Program Files\Azure Data Studio\bin
USERNAME=AKHIL
OS=Windows_NT
PROCESSOR_IDENTIFIER=AMD64 Family 23 Model 24 Stepping 1, AuthenticAMD



---------------  S Y S T E M  ---------------

OS:
 Windows 10 , 64 bit Build 19041 (10.0.19041.804)
OS uptime: 19 days 22:46 hours

CPU: total 8 (initial active 8) (8 cores per cpu, 2 threads per core) family 23 model 24 stepping 1 microcode 0x0, cmov, cx8, fxsr, mmx, sse, sse2, sse3, ssse3, sse4.1, sse4.2, popcnt, vzeroupper, avx, avx2, aes, clmul, 3dnowpref, lzcnt, sse4a, ht, tsc, tscinvbit, tscinv, bmi1, bmi2, adx, sha, fma, clflush, clflushopt

Memory: 4k page, system-wide physical 6058M (381M free)
TotalPageFile size 24490M (AvailPageFile size 6M)
current process WorkingSet (physical memory assigned to process): 116M, peak: 119M
current process commit charge ("private bytes"): 218M, peak: 221M

vm_info: Java HotSpot(TM) 64-Bit Server VM (15.0.1+9-18) for windows-amd64 JRE (15.0.1+9-18), built on Sep 15 2020 14:43:54 by "mach5one" with unknown MS VC++:1925

END.
