#
# There is insufficient memory for the Java Runtime Environment to continue.
# Native memory allocation (malloc) failed to allocate 239616 bytes for Chunk::new
# Possible reasons:
#   The system is out of physical RAM or swap space
#   The process is running with CompressedOops enabled, and the Java Heap may be blocking the growth of the native heap
# Possible solutions:
#   Reduce memory load on the system
#   Increase physical memory or swap space
#   Check if swap backing store is full
#   Decrease Java heap size (-Xmx/-Xms)
#   Decrease number of Java threads
#   Decrease Java thread stack sizes (-Xss)
#   Set larger code cache with -XX:ReservedCodeCacheSize=
#   JVM is running with Unscaled Compressed Oops mode in which the Java heap is
#     placed in the first 4GB address space. The Java Heap base address is the
#     maximum limit for the native heap growth. Please use -XX:HeapBaseMinAddress
#     to set the Java Heap base and to place the Java Heap above 4GB virtual address.
# This output file may be truncated or incomplete.
#
#  Out of Memory Error (./open/src/hotspot/share/memory/arena.cpp:195), pid=36132, tid=30060
#
# JRE version: Java(TM) SE Runtime Environment (15.0.1+9) (build 15.0.1+9-18)
# Java VM: Java HotSpot(TM) 64-Bit Server VM (15.0.1+9-18, mixed mode, sharing, tiered, compressed oops, g1 gc, windows-amd64)
# No core dump will be written. Minidumps are not enabled by default on client versions of Windows
#

---------------  S U M M A R Y ------------

Command Line: -ea -Dfile.encoding=UTF-8 -XX:+ShowCodeDetailsInExceptionMessages org.eclipse.jdt.internal.junit.runner.RemoteTestRunner -version 3 -port 13923 -testLoaderClass org.eclipse.jdt.internal.junit4.runner.JUnit4TestLoader -loaderpluginname org.eclipse.jdt.junit4.runtime -classNames selnidetestRunner.selnTestRunner

Host: AMD Ryzen 5 3500U with Radeon Vega Mobile Gfx  , 8 cores, 5G,  Windows 10 , 64 bit Build 19041 (10.0.19041.804)
Time: Sun Mar  7 21:17:08 2021 New Zealand Daylight Time elapsed time: 3.239607 seconds (0d 0h 0m 3s)

---------------  T H R E A D  ---------------

Current thread (0x00000173d76e6c30):  JavaThread "C2 CompilerThread0" daemon [_thread_in_native, id=30060, stack(0x0000006351600000,0x0000006351700000)]


Current CompileTask:
C2:   3240  744       4       java.lang.String::replace (42 bytes)

Stack: [0x0000006351600000,0x0000006351700000]
Native frames: (J=compiled Java code, j=interpreted, Vv=VM code, C=native code)
V  [jvm.dll+0x62ae9a]
V  [jvm.dll+0x781389]
V  [jvm.dll+0x782ae3]
V  [jvm.dll+0x783143]
V  [jvm.dll+0x216265]
V  [jvm.dll+0x97efa]
V  [jvm.dll+0x985dc]
V  [jvm.dll+0x27a1bf]
V  [jvm.dll+0x5408d4]
V  [jvm.dll+0x1f3064]
V  [jvm.dll+0x1eca31]
V  [jvm.dll+0x1e97a7]
V  [jvm.dll+0x1784c7]
V  [jvm.dll+0x1f9165]
V  [jvm.dll+0x1f720c]
V  [jvm.dll+0x74485d]
V  [jvm.dll+0x73d65a]
V  [jvm.dll+0x629c56]
C  [ucrtbase.dll+0x21bb2]
C  [KERNEL32.DLL+0x17034]
C  [ntdll.dll+0x4d241]


---------------  P R O C E S S  ---------------

Threads class SMR info:
_java_thread_list=0x00000173d838b5c0, length=12, elements={
0x00000173b9f0afa0, 0x00000173d76c8d10, 0x00000173d76c98e0, 0x00000173d76e29d0,
0x00000173d76e53a0, 0x00000173d76e5e50, 0x00000173d76e6c30, 0x00000173d76fd030,
0x00000173d774e1e0, 0x00000173d8142b30, 0x00000173d8152c00, 0x00000173d82fcbc0
}

Java Threads: ( => current thread )
  0x00000173b9f0afa0 JavaThread "main" [_thread_in_Java, id=22668, stack(0x0000006350a00000,0x0000006350b00000)]
  0x00000173d76c8d10 JavaThread "Reference Handler" daemon [_thread_blocked, id=4428, stack(0x0000006351100000,0x0000006351200000)]
  0x00000173d76c98e0 JavaThread "Finalizer" daemon [_thread_blocked, id=17092, stack(0x0000006351200000,0x0000006351300000)]
  0x00000173d76e29d0 JavaThread "Signal Dispatcher" daemon [_thread_blocked, id=27900, stack(0x0000006351300000,0x0000006351400000)]
  0x00000173d76e53a0 JavaThread "Attach Listener" daemon [_thread_blocked, id=22436, stack(0x0000006351400000,0x0000006351500000)]
  0x00000173d76e5e50 JavaThread "Service Thread" daemon [_thread_blocked, id=21172, stack(0x0000006351500000,0x0000006351600000)]
=>0x00000173d76e6c30 JavaThread "C2 CompilerThread0" daemon [_thread_in_native, id=30060, stack(0x0000006351600000,0x0000006351700000)]
  0x00000173d76fd030 JavaThread "C1 CompilerThread0" daemon [_thread_blocked, id=21764, stack(0x0000006351700000,0x0000006351800000)]
  0x00000173d774e1e0 JavaThread "Sweeper thread" daemon [_thread_blocked, id=11884, stack(0x0000006351800000,0x0000006351900000)]
  0x00000173d8142b30 JavaThread "Notification Thread" daemon [_thread_blocked, id=22228, stack(0x0000006351900000,0x0000006351a00000)]
  0x00000173d8152c00 JavaThread "Common-Cleaner" daemon [_thread_blocked, id=16628, stack(0x0000006351b00000,0x0000006351c00000)]
  0x00000173d82fcbc0 JavaThread "ReaderThread" [_thread_in_native, id=27584, stack(0x0000006351c00000,0x0000006351d00000)]

Other Threads:
  0x00000173d76c7490 VMThread "VM Thread" [stack: 0x0000006351000000,0x0000006351100000] [id=37732]
  0x00000173d81468c0 WatcherThread [stack: 0x0000006351a00000,0x0000006351b00000] [id=27308]
  0x00000173b9f451b0 GCTaskThread "GC Thread#0" [stack: 0x0000006350b00000,0x0000006350c00000] [id=36984]
  0x00000173b9f53190 ConcurrentGCThread "G1 Main Marker" [stack: 0x0000006350c00000,0x0000006350d00000] [id=28780]
  0x00000173b9f53d80 ConcurrentGCThread "G1 Conc#0" [stack: 0x0000006350d00000,0x0000006350e00000] [id=8132]
  0x00000173b9fcd300 ConcurrentGCThread "G1 Refine#0" [stack: 0x0000006350e00000,0x0000006350f00000] [id=19588]
  0x00000173b9fcdf00 ConcurrentGCThread "G1 Young RemSet Sampling" [stack: 0x0000006350f00000,0x0000006351000000] [id=1076]

Threads with active compile tasks:
C2 CompilerThread0     3366  744       4       java.lang.String::replace (42 bytes)

VM state: not at safepoint (normal execution)

VM Mutex/Monitor currently owned by a thread: None

Heap address: 0x00000000a1400000, size: 1516 MB, Compressed Oops mode: 32-bit
CDS archive(s) mapped at: [0x0000000800000000-0x0000000800b50000-0x0000000800b50000), size 11862016, SharedBaseAddress: 0x0000000800000000, ArchiveRelocationMode: 0.
Compressed class space mapped at: 0x0000000800b50000-0x0000000840b50000, size: 1073741824
Narrow klass base: 0x0000000800000000, Narrow klass shift: 3, Narrow klass range: 0x100000000

GC Precious Log:
 CPUs: 8 total, 8 available
 Memory: 6058M
 Large Page Support: Disabled
 NUMA Support: Disabled
 Compressed Oops: Enabled (32-bit)
 Heap Region Size: 1M
 Heap Min Capacity: 8M
 Heap Initial Capacity: 96M
 Heap Max Capacity: 1516M
 Pre-touch: Disabled
 Parallel Workers: 8
 Concurrent Workers: 2
 Concurrent Refinement Workers: 8
 Periodic GC: Disabled

Heap:
 garbage-first heap   total 98304K, used 10240K [0x00000000a1400000, 0x0000000100000000)
  region size 1024K, 12 young (12288K), 0 survivors (0K)
 Metaspace       used 3116K, capacity 5918K, committed 6144K, reserved 1056768K
  class space    used 464K, capacity 718K, committed 768K, reserved 1048576K

Heap Regions: E=young(eden), S=young(survivor), O=old, HS=humongous(starts), HC=humongous(continues), CS=collection set, F=free, OA=open archive, CA=closed archive, TAMS=top-at-mark-start (previous, next)
|   0|0x00000000a1400000, 0x00000000a1400000, 0x00000000a1500000|  0%| F|  |TAMS 0x00000000a1400000, 0x00000000a1400000| Untracked 
|   1|0x00000000a1500000, 0x00000000a1500000, 0x00000000a1600000|  0%| F|  |TAMS 0x00000000a1500000, 0x00000000a1500000| Untracked 
|   2|0x00000000a1600000, 0x00000000a1600000, 0x00000000a1700000|  0%| F|  |TAMS 0x00000000a1600000, 0x00000000a1600000| Untracked 
|   3|0x00000000a1700000, 0x00000000a1700000, 0x00000000a1800000|  0%| F|  |TAMS 0x00000000a1700000, 0x00000000a1700000| Untracked 
|   4|0x00000000a1800000, 0x00000000a1800000, 0x00000000a1900000|  0%| F|  |TAMS 0x00000000a1800000, 0x00000000a1800000| Untracked 
|   5|0x00000000a1900000, 0x00000000a1900000, 0x00000000a1a00000|  0%| F|  |TAMS 0x00000000a1900000, 0x00000000a1900000| Untracked 
|   6|0x00000000a1a00000, 0x00000000a1a00000, 0x00000000a1b00000|  0%| F|  |TAMS 0x00000000a1a00000, 0x00000000a1a00000| Untracked 
|   7|0x00000000a1b00000, 0x00000000a1b00000, 0x00000000a1c00000|  0%| F|  |TAMS 0x00000000a1b00000, 0x00000000a1b00000| Untracked 
|   8|0x00000000a1c00000, 0x00000000a1c00000, 0x00000000a1d00000|  0%| F|  |TAMS 0x00000000a1c00000, 0x00000000a1c00000| Untracked 
|   9|0x00000000a1d00000, 0x00000000a1d00000, 0x00000000a1e00000|  0%| F|  |TAMS 0x00000000a1d00000, 0x00000000a1d00000| Untracked 
|  10|0x00000000a1e00000, 0x00000000a1e00000, 0x00000000a1f00000|  0%| F|  |TAMS 0x00000000a1e00000, 0x00000000a1e00000| Untracked 
|  11|0x00000000a1f00000, 0x00000000a1f00000, 0x00000000a2000000|  0%| F|  |TAMS 0x00000000a1f00000, 0x00000000a1f00000| Untracked 
|  12|0x00000000a2000000, 0x00000000a2000000, 0x00000000a2100000|  0%| F|  |TAMS 0x00000000a2000000, 0x00000000a2000000| Untracked 
|  13|0x00000000a2100000, 0x00000000a2100000, 0x00000000a2200000|  0%| F|  |TAMS 0x00000000a2100000, 0x00000000a2100000| Untracked 
|  14|0x00000000a2200000, 0x00000000a2200000, 0x00000000a2300000|  0%| F|  |TAMS 0x00000000a2200000, 0x00000000a2200000| Untracked 
|  15|0x00000000a2300000, 0x00000000a2300000, 0x00000000a2400000|  0%| F|  |TAMS 0x00000000a2300000, 0x00000000a2300000| Untracked 
|  16|0x00000000a2400000, 0x00000000a2400000, 0x00000000a2500000|  0%| F|  |TAMS 0x00000000a2400000, 0x00000000a2400000| Untracked 
|  17|0x00000000a2500000, 0x00000000a2500000, 0x00000000a2600000|  0%| F|  |TAMS 0x00000000a2500000, 0x00000000a2500000| Untracked 
|  18|0x00000000a2600000, 0x00000000a2600000, 0x00000000a2700000|  0%| F|  |TAMS 0x00000000a2600000, 0x00000000a2600000| Untracked 
|  19|0x00000000a2700000, 0x00000000a2700000, 0x00000000a2800000|  0%| F|  |TAMS 0x00000000a2700000, 0x00000000a2700000| Untracked 
|  20|0x00000000a2800000, 0x00000000a2800000, 0x00000000a2900000|  0%| F|  |TAMS 0x00000000a2800000, 0x00000000a2800000| Untracked 
|  21|0x00000000a2900000, 0x00000000a2900000, 0x00000000a2a00000|  0%| F|  |TAMS 0x00000000a2900000, 0x00000000a2900000| Untracked 
|  22|0x00000000a2a00000, 0x00000000a2a00000, 0x00000000a2b00000|  0%| F|  |TAMS 0x00000000a2a00000, 0x00000000a2a00000| Untracked 
|  23|0x00000000a2b00000, 0x00000000a2b00000, 0x00000000a2c00000|  0%| F|  |TAMS 0x00000000a2b00000, 0x00000000a2b00000| Untracked 
|  24|0x00000000a2c00000, 0x00000000a2c00000, 0x00000000a2d00000|  0%| F|  |TAMS 0x00000000a2c00000, 0x00000000a2c00000| Untracked 
|  25|0x00000000a2d00000, 0x00000000a2d00000, 0x00000000a2e00000|  0%| F|  |TAMS 0x00000000a2d00000, 0x00000000a2d00000| Untracked 
|  26|0x00000000a2e00000, 0x00000000a2e00000, 0x00000000a2f00000|  0%| F|  |TAMS 0x00000000a2e00000, 0x00000000a2e00000| Untracked 
|  27|0x00000000a2f00000, 0x00000000a2f00000, 0x00000000a3000000|  0%| F|  |TAMS 0x00000000a2f00000, 0x00000000a2f00000| Untracked 
|  28|0x00000000a3000000, 0x00000000a3000000, 0x00000000a3100000|  0%| F|  |TAMS 0x00000000a3000000, 0x00000000a3000000| Untracked 
|  29|0x00000000a3100000, 0x00000000a3100000, 0x00000000a3200000|  0%| F|  |TAMS 0x00000000a3100000, 0x00000000a3100000| Untracked 
|  30|0x00000000a3200000, 0x00000000a3200000, 0x00000000a3300000|  0%| F|  |TAMS 0x00000000a3200000, 0x00000000a3200000| Untracked 
|  31|0x00000000a3300000, 0x00000000a3300000, 0x00000000a3400000|  0%| F|  |TAMS 0x00000000a3300000, 0x00000000a3300000| Untracked 
|  32|0x00000000a3400000, 0x00000000a3400000, 0x00000000a3500000|  0%| F|  |TAMS 0x00000000a3400000, 0x00000000a3400000| Untracked 
|  33|0x00000000a3500000, 0x00000000a3500000, 0x00000000a3600000|  0%| F|  |TAMS 0x00000000a3500000, 0x00000000a3500000| Untracked 
|  34|0x00000000a3600000, 0x00000000a3600000, 0x00000000a3700000|  0%| F|  |TAMS 0x00000000a3600000, 0x00000000a3600000| Untracked 
|  35|0x00000000a3700000, 0x00000000a3700000, 0x00000000a3800000|  0%| F|  |TAMS 0x00000000a3700000, 0x00000000a3700000| Untracked 
|  36|0x00000000a3800000, 0x00000000a3800000, 0x00000000a3900000|  0%| F|  |TAMS 0x00000000a3800000, 0x00000000a3800000| Untracked 
|  37|0x00000000a3900000, 0x00000000a3900000, 0x00000000a3a00000|  0%| F|  |TAMS 0x00000000a3900000, 0x00000000a3900000| Untracked 
|  38|0x00000000a3a00000, 0x00000000a3a00000, 0x00000000a3b00000|  0%| F|  |TAMS 0x00000000a3a00000, 0x00000000a3a00000| Untracked 
|  39|0x00000000a3b00000, 0x00000000a3b00000, 0x00000000a3c00000|  0%| F|  |TAMS 0x00000000a3b00000, 0x00000000a3b00000| Untracked 
|  40|0x00000000a3c00000, 0x00000000a3c00000, 0x00000000a3d00000|  0%| F|  |TAMS 0x00000000a3c00000, 0x00000000a3c00000| Untracked 
|  41|0x00000000a3d00000, 0x00000000a3d00000, 0x00000000a3e00000|  0%| F|  |TAMS 0x00000000a3d00000, 0x00000000a3d00000| Untracked 
|  42|0x00000000a3e00000, 0x00000000a3e00000, 0x00000000a3f00000|  0%| F|  |TAMS 0x00000000a3e00000, 0x00000000a3e00000| Untracked 
|  43|0x00000000a3f00000, 0x00000000a3f00000, 0x00000000a4000000|  0%| F|  |TAMS 0x00000000a3f00000, 0x00000000a3f00000| Untracked 
|  44|0x00000000a4000000, 0x00000000a4000000, 0x00000000a4100000|  0%| F|  |TAMS 0x00000000a4000000, 0x00000000a4000000| Untracked 
|  45|0x00000000a4100000, 0x00000000a4100000, 0x00000000a4200000|  0%| F|  |TAMS 0x00000000a4100000, 0x00000000a4100000| Untracked 
|  46|0x00000000a4200000, 0x00000000a4200000, 0x00000000a4300000|  0%| F|  |TAMS 0x00000000a4200000, 0x00000000a4200000| Untracked 
|  47|0x00000000a4300000, 0x00000000a4300000, 0x00000000a4400000|  0%| F|  |TAMS 0x00000000a4300000, 0x00000000a4300000| Untracked 
|  48|0x00000000a4400000, 0x00000000a4400000, 0x00000000a4500000|  0%| F|  |TAMS 0x00000000a4400000, 0x00000000a4400000| Untracked 
|  49|0x00000000a4500000, 0x00000000a4500000, 0x00000000a4600000|  0%| F|  |TAMS 0x00000000a4500000, 0x00000000a4500000| Untracked 
|  50|0x00000000a4600000, 0x00000000a4600000, 0x00000000a4700000|  0%| F|  |TAMS 0x00000000a4600000, 0x00000000a4600000| Untracked 
|  51|0x00000000a4700000, 0x00000000a4700000, 0x00000000a4800000|  0%| F|  |TAMS 0x00000000a4700000, 0x00000000a4700000| Untracked 
|  52|0x00000000a4800000, 0x00000000a4800000, 0x00000000a4900000|  0%| F|  |TAMS 0x00000000a4800000, 0x00000000a4800000| Untracked 
|  53|0x00000000a4900000, 0x00000000a4900000, 0x00000000a4a00000|  0%| F|  |TAMS 0x00000000a4900000, 0x00000000a4900000| Untracked 
|  54|0x00000000a4a00000, 0x00000000a4a00000, 0x00000000a4b00000|  0%| F|  |TAMS 0x00000000a4a00000, 0x00000000a4a00000| Untracked 
|  55|0x00000000a4b00000, 0x00000000a4b00000, 0x00000000a4c00000|  0%| F|  |TAMS 0x00000000a4b00000, 0x00000000a4b00000| Untracked 
|  56|0x00000000a4c00000, 0x00000000a4c00000, 0x00000000a4d00000|  0%| F|  |TAMS 0x00000000a4c00000, 0x00000000a4c00000| Untracked 
|  57|0x00000000a4d00000, 0x00000000a4d00000, 0x00000000a4e00000|  0%| F|  |TAMS 0x00000000a4d00000, 0x00000000a4d00000| Untracked 
|  58|0x00000000a4e00000, 0x00000000a4e00000, 0x00000000a4f00000|  0%| F|  |TAMS 0x00000000a4e00000, 0x00000000a4e00000| Untracked 
|  59|0x00000000a4f00000, 0x00000000a4f00000, 0x00000000a5000000|  0%| F|  |TAMS 0x00000000a4f00000, 0x00000000a4f00000| Untracked 
|  60|0x00000000a5000000, 0x00000000a5000000, 0x00000000a5100000|  0%| F|  |TAMS 0x00000000a5000000, 0x00000000a5000000| Untracked 
|  61|0x00000000a5100000, 0x00000000a5100000, 0x00000000a5200000|  0%| F|  |TAMS 0x00000000a5100000, 0x00000000a5100000| Untracked 
|  62|0x00000000a5200000, 0x00000000a5200000, 0x00000000a5300000|  0%| F|  |TAMS 0x00000000a5200000, 0x00000000a5200000| Untracked 
|  63|0x00000000a5300000, 0x00000000a5300000, 0x00000000a5400000|  0%| F|  |TAMS 0x00000000a5300000, 0x00000000a5300000| Untracked 
|  64|0x00000000a5400000, 0x00000000a5400000, 0x00000000a5500000|  0%| F|  |TAMS 0x00000000a5400000, 0x00000000a5400000| Untracked 
|  65|0x00000000a5500000, 0x00000000a5500000, 0x00000000a5600000|  0%| F|  |TAMS 0x00000000a5500000, 0x00000000a5500000| Untracked 
|  66|0x00000000a5600000, 0x00000000a5600000, 0x00000000a5700000|  0%| F|  |TAMS 0x00000000a5600000, 0x00000000a5600000| Untracked 
|  67|0x00000000a5700000, 0x00000000a5700000, 0x00000000a5800000|  0%| F|  |TAMS 0x00000000a5700000, 0x00000000a5700000| Untracked 
|  68|0x00000000a5800000, 0x00000000a5800000, 0x00000000a5900000|  0%| F|  |TAMS 0x00000000a5800000, 0x00000000a5800000| Untracked 
|  69|0x00000000a5900000, 0x00000000a5900000, 0x00000000a5a00000|  0%| F|  |TAMS 0x00000000a5900000, 0x00000000a5900000| Untracked 
|  70|0x00000000a5a00000, 0x00000000a5a00000, 0x00000000a5b00000|  0%| F|  |TAMS 0x00000000a5a00000, 0x00000000a5a00000| Untracked 
|  71|0x00000000a5b00000, 0x00000000a5b00000, 0x00000000a5c00000|  0%| F|  |TAMS 0x00000000a5b00000, 0x00000000a5b00000| Untracked 
|  72|0x00000000a5c00000, 0x00000000a5c00000, 0x00000000a5d00000|  0%| F|  |TAMS 0x00000000a5c00000, 0x00000000a5c00000| Untracked 
|  73|0x00000000a5d00000, 0x00000000a5d00000, 0x00000000a5e00000|  0%| F|  |TAMS 0x00000000a5d00000, 0x00000000a5d00000| Untracked 
|  74|0x00000000a5e00000, 0x00000000a5e00000, 0x00000000a5f00000|  0%| F|  |TAMS 0x00000000a5e00000, 0x00000000a5e00000| Untracked 
|  75|0x00000000a5f00000, 0x00000000a5f00000, 0x00000000a6000000|  0%| F|  |TAMS 0x00000000a5f00000, 0x00000000a5f00000| Untracked 
|  76|0x00000000a6000000, 0x00000000a6000000, 0x00000000a6100000|  0%| F|  |TAMS 0x00000000a6000000, 0x00000000a6000000| Untracked 
|  77|0x00000000a6100000, 0x00000000a6100000, 0x00000000a6200000|  0%| F|  |TAMS 0x00000000a6100000, 0x00000000a6100000| Untracked 
|  78|0x00000000a6200000, 0x00000000a6200000, 0x00000000a6300000|  0%| F|  |TAMS 0x00000000a6200000, 0x00000000a6200000| Untracked 
|  79|0x00000000a6300000, 0x00000000a6300000, 0x00000000a6400000|  0%| F|  |TAMS 0x00000000a6300000, 0x00000000a6300000| Untracked 
|  80|0x00000000a6400000, 0x00000000a6400000, 0x00000000a6500000|  0%| F|  |TAMS 0x00000000a6400000, 0x00000000a6400000| Untracked 
|  81|0x00000000a6500000, 0x00000000a6500000, 0x00000000a6600000|  0%| F|  |TAMS 0x00000000a6500000, 0x00000000a6500000| Untracked 
|  82|0x00000000a6600000, 0x00000000a6600000, 0x00000000a6700000|  0%| F|  |TAMS 0x00000000a6600000, 0x00000000a6600000| Untracked 
|  83|0x00000000a6700000, 0x00000000a6700000, 0x00000000a6800000|  0%| F|  |TAMS 0x00000000a6700000, 0x00000000a6700000| Untracked 
|  84|0x00000000a6800000, 0x00000000a68ec108, 0x00000000a6900000| 92%| E|  |TAMS 0x00000000a6800000, 0x00000000a6800000| Complete 
|  85|0x00000000a6900000, 0x00000000a6a00000, 0x00000000a6a00000|100%| E|CS|TAMS 0x00000000a6900000, 0x00000000a6900000| Complete 
|  86|0x00000000a6a00000, 0x00000000a6b00000, 0x00000000a6b00000|100%| E|CS|TAMS 0x00000000a6a00000, 0x00000000a6a00000| Complete 
|  87|0x00000000a6b00000, 0x00000000a6c00000, 0x00000000a6c00000|100%| E|CS|TAMS 0x00000000a6b00000, 0x00000000a6b00000| Complete 
|  88|0x00000000a6c00000, 0x00000000a6d00000, 0x00000000a6d00000|100%| E|CS|TAMS 0x00000000a6c00000, 0x00000000a6c00000| Complete 
|  89|0x00000000a6d00000, 0x00000000a6e00000, 0x00000000a6e00000|100%| E|CS|TAMS 0x00000000a6d00000, 0x00000000a6d00000| Complete 
|  90|0x00000000a6e00000, 0x00000000a6f00000, 0x00000000a6f00000|100%| E|CS|TAMS 0x00000000a6e00000, 0x00000000a6e00000| Complete 
|  91|0x00000000a6f00000, 0x00000000a7000000, 0x00000000a7000000|100%| E|CS|TAMS 0x00000000a6f00000, 0x00000000a6f00000| Complete 
|  92|0x00000000a7000000, 0x00000000a7100000, 0x00000000a7100000|100%| E|CS|TAMS 0x00000000a7000000, 0x00000000a7000000| Complete 
|  93|0x00000000a7100000, 0x00000000a7200000, 0x00000000a7200000|100%| E|CS|TAMS 0x00000000a7100000, 0x00000000a7100000| Complete 
|  94|0x00000000a7200000, 0x00000000a7300000, 0x00000000a7300000|100%| E|  |TAMS 0x00000000a7200000, 0x00000000a7200000| Complete 
|  95|0x00000000a7300000, 0x00000000a7400000, 0x00000000a7400000|100%| E|CS|TAMS 0x00000000a7300000, 0x00000000a7300000| Complete 

Card table byte_map: [0x00000173d1770000,0x00000173d1a70000] _byte_map_base: 0x00000173d1266000

Marking Bits (Prev, Next): (CMBitMap*) 0x00000173b9f45a20, (CMBitMap*) 0x00000173b9f45a60
 Prev Bits: [0x00000173d1d70000, 0x00000173d3520000)
 Next Bits: [0x00000173d3520000, 0x00000173d4cd0000)

Polling page: 0x00000173b7e70000

Metaspace:

Usage:
  Non-class:      5.08 MB capacity,     2.60 MB ( 51%) used,     2.48 MB ( 49%) free+waste,     1.94 KB ( <1%) overhead. 
      Class:    718.00 KB capacity,   470.41 KB ( 66%) used,   246.28 KB ( 34%) free+waste,     1.31 KB ( <1%) overhead. 
       Both:      5.78 MB capacity,     3.06 MB ( 53%) used,     2.72 MB ( 47%) free+waste,     3.25 KB ( <1%) overhead. 

Virtual space:
  Non-class space:        8.00 MB reserved,       5.25 MB ( 66%) committed 
      Class space:        1.00 GB reserved,     768.00 KB ( <1%) committed 
             Both:        1.01 GB reserved,       6.00 MB ( <1%) committed 

Chunk freelists:
   Non-Class:  48.00 KB
       Class:  18.00 KB
        Both:  66.00 KB

MaxMetaspaceSize: 17179869184.00 GB
CompressedClassSpaceSize: 1.00 GB

CodeHeap 'non-profiled nmethods': size=120000Kb used=198Kb max_used=198Kb free=119802Kb
 bounds [0x00000173c9c10000, 0x00000173c9e80000, 0x00000173d1140000]
CodeHeap 'profiled nmethods': size=120000Kb used=1347Kb max_used=1347Kb free=118652Kb
 bounds [0x00000173c26e0000, 0x00000173c2950000, 0x00000173c9c10000]
CodeHeap 'non-nmethods': size=5760Kb used=1134Kb max_used=1149Kb free=4625Kb
 bounds [0x00000173c2140000, 0x00000173c23b0000, 0x00000173c26e0000]
 total_blobs=1129 nmethods=747 adapters=295
 compilation: enabled
              stopped_count=0, restarted_count=0
 full_count=0

Compilation events (20 events):
Event: 3.175 Thread 0x00000173d76fd030 nmethod 734 0x00000173c282a510 code [0x00000173c282a720, 0x00000173c282ad78]
Event: 3.175 Thread 0x00000173d76fd030  735       3       java.util.zip.ZipFile::ensureOpenOrZipException (19 bytes)
Event: 3.175 Thread 0x00000173d76fd030 nmethod 735 0x00000173c282b110 code [0x00000173c282b2c0, 0x00000173c282b488]
Event: 3.175 Thread 0x00000173d76fd030  736       3       java.util.zip.ZipFile$ZipFileInputStream::initDataOffset (117 bytes)
Event: 3.176 Thread 0x00000173d76fd030 nmethod 736 0x00000173c282b590 code [0x00000173c282b7c0, 0x00000173c282bf68]
Event: 3.176 Thread 0x00000173d76fd030  737       3       java.util.zip.ZipUtils::LOCEXT (7 bytes)
Event: 3.176 Thread 0x00000173d76fd030 nmethod 737 0x00000173c282c290 code [0x00000173c282c440, 0x00000173c282c5d8]
Event: 3.176 Thread 0x00000173d76fd030  738   !   3       java.util.zip.ZipFile$Source::readAt (39 bytes)
Event: 3.177 Thread 0x00000173d76fd030 nmethod 738 0x00000173c282c710 code [0x00000173c282c900, 0x00000173c282cda8]
Event: 3.177 Thread 0x00000173d76fd030  739       3       cucumber.runtime.io.ZipResource::getClassName (27 bytes)
Event: 3.178 Thread 0x00000173d76fd030 nmethod 739 0x00000173c282d110 code [0x00000173c282d300, 0x00000173c282d7c8]
Event: 3.178 Thread 0x00000173d76e6c30  742  s!   4       jdk.internal.loader.URLClassPath::getLoader (194 bytes)
Event: 3.178 Thread 0x00000173d76fd030  740       3       cucumber.runtime.io.ZipResource::getPath (8 bytes)
Event: 3.178 Thread 0x00000173d76fd030 nmethod 740 0x00000173c282da10 code [0x00000173c282dbc0, 0x00000173c282dd88]
Event: 3.178 Thread 0x00000173d76fd030  741       3       cucumber.runtime.io.ResourceLoaderClassFinder::loadClass (9 bytes)
Event: 3.179 Thread 0x00000173d76fd030 nmethod 741 0x00000173c282de90 code [0x00000173c282e040, 0x00000173c282e308]
Event: 3.185 Thread 0x00000173d76e6c30 nmethod 742 0x00000173c9c40690 code [0x00000173c9c40840, 0x00000173c9c40f28]
Event: 3.196 Thread 0x00000173d76e6c30  743       4       java.lang.StringUTF16::compress (50 bytes)
Event: 3.205 Thread 0x00000173d76e6c30 nmethod 743 0x00000173c9c41290 code [0x00000173c9c41400, 0x00000173c9c41718]
Event: 3.215 Thread 0x00000173d76e6c30  744       4       java.lang.String::replace (42 bytes)

GC Heap History (0 events):
No events

Deoptimization events (20 events):
Event: 2.722 Thread 0x00000173b9f0afa0 DEOPT PACKING pc=0x00000173c9c3a74c sp=0x0000006350afd7d0
Event: 2.722 Thread 0x00000173b9f0afa0 DEOPT UNPACKING pc=0x00000173c218e42f sp=0x0000006350afd7a0 mode 2
Event: 2.722 Thread 0x00000173b9f0afa0 Uncommon trap: trap_request=0xffffff45 fr.pc=0x00000173c9c265d8 relative=0x0000000000000238
Event: 2.722 Thread 0x00000173b9f0afa0 Uncommon trap: reason=unstable_if action=reinterpret pc=0x00000173c9c265d8 method=java.lang.String.hashCode()I @ 20 c2
Event: 2.722 Thread 0x00000173b9f0afa0 DEOPT PACKING pc=0x00000173c9c265d8 sp=0x0000006350afd4c0
Event: 2.722 Thread 0x00000173b9f0afa0 DEOPT UNPACKING pc=0x00000173c218e42f sp=0x0000006350afd450 mode 2
Event: 2.723 Thread 0x00000173b9f0afa0 Uncommon trap: trap_request=0xffffff45 fr.pc=0x00000173c9c331ec relative=0x00000000000000cc
Event: 2.723 Thread 0x00000173b9f0afa0 Uncommon trap: reason=unstable_if action=reinterpret pc=0x00000173c9c331ec method=java.lang.String.getBytes([BIB)V @ 5 c2
Event: 2.723 Thread 0x00000173b9f0afa0 DEOPT PACKING pc=0x00000173c9c331ec sp=0x0000006350afd470
Event: 2.723 Thread 0x00000173b9f0afa0 DEOPT UNPACKING pc=0x00000173c218e42f sp=0x0000006350afd418 mode 2
Event: 2.723 Thread 0x00000173b9f0afa0 Uncommon trap: trap_request=0xffffff45 fr.pc=0x00000173c9c3b21c relative=0x00000000000000fc
Event: 2.723 Thread 0x00000173b9f0afa0 Uncommon trap: reason=unstable_if action=reinterpret pc=0x00000173c9c3b21c method=sun.net.www.ParseUtil.firstEncodeIndex(Ljava/lang/String;)I @ 27 c2
Event: 2.723 Thread 0x00000173b9f0afa0 DEOPT PACKING pc=0x00000173c9c3b21c sp=0x0000006350afd370
Event: 2.723 Thread 0x00000173b9f0afa0 DEOPT UNPACKING pc=0x00000173c218e42f sp=0x0000006350afd2f8 mode 2
Event: 2.723 Thread 0x00000173b9f0afa0 Uncommon trap: trap_request=0xffffff45 fr.pc=0x00000173c9c34c74 relative=0x00000000000002f4
Event: 2.723 Thread 0x00000173b9f0afa0 Uncommon trap: reason=unstable_if action=reinterpret pc=0x00000173c9c34c74 method=java.lang.StringUTF16.compress([CI[BII)I @ 20 c2
Event: 2.723 Thread 0x00000173b9f0afa0 DEOPT PACKING pc=0x00000173c9c34c74 sp=0x0000006350afd060
Event: 2.723 Thread 0x00000173b9f0afa0 DEOPT UNPACKING pc=0x00000173c218e42f sp=0x0000006350afcfe0 mode 2
Event: 3.196 Thread 0x00000173b9f0afa0 DEOPT PACKING pc=0x00000173c2801ffb sp=0x0000006350afd0d0
Event: 3.197 Thread 0x00000173b9f0afa0 DEOPT UNPACKING pc=0x00000173c218e23f sp=0x0000006350afc540 mode 0

Classes unloaded (0 events):
No events

Classes redefined (0 events):
No events

Internal exceptions (6 events):
Event: 1.497 Thread 0x00000173b9f0afa0 Exception <a 'java/lang/NoSuchMethodError'{0x00000000a700b750}: 'java.lang.Object java.lang.invoke.DirectMethodHandle$Holder.invokeStatic(java.lang.Object)'> (0x00000000a700b750) 
thrown [./open/src/hotspot/share/interpreter/linkResolver.cpp, line 782]
Event: 1.502 Thread 0x00000173b9f0afa0 Exception <a 'java/lang/NoSuchMethodError'{0x00000000a7010e58}: 'java.lang.Object java.lang.invoke.DirectMethodHandle$Holder.invokeStaticInit(java.lang.Object)'> (0x00000000a7010e58) 
thrown [./open/src/hotspot/share/interpreter/linkResolver.cpp, line 782]
Event: 1.537 Thread 0x00000173b9f0afa0 Exception <a 'java/lang/NoSuchMethodError'{0x00000000a7029800}: 'void java.lang.invoke.DirectMethodHandle$Holder.invokeStatic(java.lang.Object, java.lang.Object)'> (0x00000000a7029800) 
thrown [./open/src/hotspot/share/interpreter/linkResolver.cpp, line 782]
Event: 1.822 Thread 0x00000173b9f0afa0 Exception <a 'java/lang/NoSuchMethodError'{0x00000000a6fc9940}: 'java.lang.Object java.lang.invoke.DirectMethodHandle$Holder.invokeInterface(java.lang.Object, java.lang.Object)'> (0x00000000a6fc9940) 
thrown [./open/src/hotspot/share/interpreter/linkResolver.cpp, line 782]
Event: 1.823 Thread 0x00000173b9f0afa0 Exception <a 'java/lang/IncompatibleClassChangeError'{0x00000000a6fcd3d8}: Found class java.lang.Object, but interface was expected> (0x00000000a6fcd3d8) 
thrown [./open/src/hotspot/share/interpreter/linkResolver.cpp, line 848]
Event: 1.933 Thread 0x00000173b9f0afa0 Exception <a 'java/lang/NoSuchMethodError'{0x00000000a6e32520}: 'void java.lang.invoke.DirectMethodHandle$Holder.invokeSpecial(java.lang.Object, java.lang.Object, java.lang.Object)'> (0x00000000a6e32520) 
thrown [./open/src/hotspot/share/interpreter/linkResolver.cpp, line 782]

Events (20 events):
Event: 2.143 loading class java/lang/ProcessEnvironment$CheckedEntrySet done
Event: 2.143 loading class java/lang/ProcessEnvironment$CheckedEntrySet$1
Event: 2.143 loading class java/lang/ProcessEnvironment$CheckedEntrySet$1 done
Event: 2.143 loading class java/lang/ProcessEnvironment$CheckedEntry
Event: 2.143 loading class java/lang/ProcessEnvironment$CheckedEntry done
Event: 2.144 loading class java/lang/ProcessEnvironment$CheckedKeySet
Event: 2.145 loading class java/lang/ProcessEnvironment$CheckedKeySet done
Event: 2.197 loading class java/util/ComparableTimSort
Event: 2.198 loading class java/util/ComparableTimSort done
Event: 2.224 loading class java/lang/UnsupportedOperationException
Event: 2.224 loading class java/lang/UnsupportedOperationException done
Event: 2.225 loading class java/util/NoSuchElementException
Event: 2.226 loading class java/util/NoSuchElementException done
Event: 2.233 loading class java/net/MalformedURLException
Event: 2.233 loading class java/net/MalformedURLException done
Event: 2.239 loading class java/util/zip/ZipFile$ZipEntryIterator
Event: 2.239 loading class java/util/zip/ZipFile$ZipEntryIterator done
Event: 2.425 loading class java/io/FileFilter
Event: 2.425 loading class java/io/FileFilter done
Event: 2.903 Loaded shared library C:\Program Files\Java\jdk-15.0.1\bin\zip.dll


Dynamic libraries:
0x00007ff72a980000 - 0x00007ff72a98f000 	C:\Program Files\Java\jdk-15.0.1\bin\javaw.exe
0x00007ffda28f0000 - 0x00007ffda2ae6000 	C:\WINDOWS\SYSTEM32\ntdll.dll
0x00007ffd7ae30000 - 0x00007ffd7ae42000 	C:\Program Files\AVAST Software\Avast\aswhook.dll
0x00007ffda0e50000 - 0x00007ffda0f0d000 	C:\WINDOWS\System32\KERNEL32.DLL
0x00007ffda01d0000 - 0x00007ffda0499000 	C:\WINDOWS\System32\KERNELBASE.dll
0x00007ffda0520000 - 0x00007ffda0620000 	C:\WINDOWS\System32\ucrtbase.dll
0x00007ffd9aa00000 - 0x00007ffd9aa18000 	C:\Program Files\Java\jdk-15.0.1\bin\jli.dll
0x00007ffda2590000 - 0x00007ffda263c000 	C:\WINDOWS\System32\ADVAPI32.dll
0x00007ffda18d0000 - 0x00007ffda196e000 	C:\WINDOWS\System32\msvcrt.dll
0x00007ffda1b70000 - 0x00007ffda1c0c000 	C:\WINDOWS\System32\sechost.dll
0x00007ffda0d20000 - 0x00007ffda0e4b000 	C:\WINDOWS\System32\RPCRT4.dll
0x00007ffda19d0000 - 0x00007ffda1b70000 	C:\WINDOWS\System32\USER32.dll
0x00007ffda0030000 - 0x00007ffda0052000 	C:\WINDOWS\System32\win32u.dll
0x00007ffda1c10000 - 0x00007ffda1c3a000 	C:\WINDOWS\System32\GDI32.dll
0x00007ffda00c0000 - 0x00007ffda01cb000 	C:\WINDOWS\System32\gdi32full.dll
0x00007ffda0880000 - 0x00007ffda091d000 	C:\WINDOWS\System32\msvcp_win.dll
0x00007ffd90130000 - 0x00007ffd90149000 	C:\Program Files\Java\jdk-15.0.1\bin\VCRUNTIME140.dll
0x00007ffd74cb0000 - 0x00007ffd74f4b000 	C:\WINDOWS\WinSxS\amd64_microsoft.windows.common-controls_6595b64144ccf1df_6.0.19041.746_none_ca02b4b61b8320a4\COMCTL32.dll
0x00007ffd98300000 - 0x00007ffd9830a000 	C:\WINDOWS\SYSTEM32\VERSION.dll
0x00007ffda1380000 - 0x00007ffda13b0000 	C:\WINDOWS\System32\IMM32.DLL
0x00007ffd9a9f0000 - 0x00007ffd9a9fc000 	C:\Program Files\Java\jdk-15.0.1\bin\vcruntime140_1.dll
0x00007ffd84200000 - 0x00007ffd84291000 	C:\Program Files\Java\jdk-15.0.1\bin\msvcp140.dll
0x00007ffd2e4f0000 - 0x00007ffd2f04e000 	C:\Program Files\Java\jdk-15.0.1\bin\server\jvm.dll
0x00007ffda18c0000 - 0x00007ffda18c8000 	C:\WINDOWS\System32\PSAPI.DLL
0x00007ffd8b510000 - 0x00007ffd8b519000 	C:\WINDOWS\SYSTEM32\WSOCK32.dll
0x00007ffda2450000 - 0x00007ffda24bb000 	C:\WINDOWS\System32\WS2_32.dll
0x00007ffd8e430000 - 0x00007ffd8e457000 	C:\WINDOWS\SYSTEM32\WINMM.dll
0x00007ffd9e900000 - 0x00007ffd9e912000 	C:\WINDOWS\SYSTEM32\kernel.appcore.dll
0x00007ffd993e0000 - 0x00007ffd993ea000 	C:\Program Files\Java\jdk-15.0.1\bin\jimage.dll
0x00007ffd9e6e0000 - 0x00007ffd9e8c4000 	C:\WINDOWS\SYSTEM32\DBGHELP.DLL
0x00007ffd90e90000 - 0x00007ffd90ebc000 	C:\WINDOWS\SYSTEM32\dbgcore.DLL
0x00007ffda04a0000 - 0x00007ffda0520000 	C:\WINDOWS\System32\bcryptPrimitives.dll
0x00007ffd8e400000 - 0x00007ffd8e425000 	C:\Program Files\Java\jdk-15.0.1\bin\java.dll
0x00007ffda1d00000 - 0x00007ffda2442000 	C:\WINDOWS\System32\SHELL32.dll
0x00007ffd9de90000 - 0x00007ffd9e620000 	C:\WINDOWS\SYSTEM32\windows.storage.dll
0x00007ffda1560000 - 0x00007ffda18b6000 	C:\WINDOWS\System32\combase.dll
0x00007ffd9f9c0000 - 0x00007ffd9f9ec000 	C:\WINDOWS\SYSTEM32\Wldp.dll
0x00007ffda0be0000 - 0x00007ffda0c8e000 	C:\WINDOWS\System32\SHCORE.dll
0x00007ffda1ca0000 - 0x00007ffda1cf5000 	C:\WINDOWS\System32\shlwapi.dll
0x00007ffd9ff60000 - 0x00007ffd9ff86000 	C:\WINDOWS\SYSTEM32\profapi.dll
0x00007ffd8e320000 - 0x00007ffd8e339000 	C:\Program Files\Java\jdk-15.0.1\bin\net.dll
0x00007ffd9a030000 - 0x00007ffd9a130000 	C:\WINDOWS\SYSTEM32\WINHTTP.dll
0x00007ffd9f740000 - 0x00007ffd9f7aa000 	C:\WINDOWS\system32\mswsock.dll
0x00007ffd8e300000 - 0x00007ffd8e312000 	C:\Program Files\Java\jdk-15.0.1\bin\nio.dll
0x00007ffd8e190000 - 0x00007ffd8e1a8000 	C:\Program Files\Java\jdk-15.0.1\bin\zip.dll
0x00007ffd94c30000 - 0x00007ffd94c40000 	C:\Program Files\Java\jdk-15.0.1\bin\verify.dll
0x00007ffd9f430000 - 0x00007ffd9f46b000 	C:\WINDOWS\SYSTEM32\IPHLPAPI.DLL
0x00007ffda2640000 - 0x00007ffda2648000 	C:\WINDOWS\System32\NSI.dll
0x00007ffd9de70000 - 0x00007ffd9de87000 	C:\WINDOWS\SYSTEM32\dhcpcsvc6.DLL
0x00007ffd9de50000 - 0x00007ffd9de6d000 	C:\WINDOWS\SYSTEM32\dhcpcsvc.DLL
0x00007ffd9f470000 - 0x00007ffd9f53b000 	C:\WINDOWS\SYSTEM32\DNSAPI.dll

dbghelp: loaded successfully - version: 4.0.5 - missing functions: none
symbol engine: initialized successfully - sym options: 0x614 - pdb path: .;C:\Program Files\Java\jdk-15.0.1\bin;C:\WINDOWS\SYSTEM32;C:\Program Files\AVAST Software\Avast;C:\WINDOWS\WinSxS\amd64_microsoft.windows.common-controls_6595b64144ccf1df_6.0.19041.746_none_ca02b4b61b8320a4;C:\Program Files\Java\jdk-15.0.1\bin\server

VM Arguments:
jvm_args: -ea -Dfile.encoding=UTF-8 -XX:+ShowCodeDetailsInExceptionMessages 
java_command: org.eclipse.jdt.internal.junit.runner.RemoteTestRunner -version 3 -port 13923 -testLoaderClass org.eclipse.jdt.internal.junit4.runner.JUnit4TestLoader -loaderpluginname org.eclipse.jdt.junit4.runtime -classNames selnidetestRunner.selnTestRunner
java_class_path (initial): C:\Users\AKHIL\eclipse-workspace\Selenide\target\test-classes;C:\Users\AKHIL\eclipse-workspace\Selenide\target\classes;C:\Users\AKHIL\.m2\repository\info\cukes\cucumber-java\1.2.5\cucumber-java-1.2.5.jar;C:\Users\AKHIL\.m2\repository\info\cukes\cucumber-core\1.2.5\cucumber-core-1.2.5.jar;C:\Users\AKHIL\.m2\repository\info\cukes\cucumber-html\0.2.3\cucumber-html-0.2.3.jar;C:\Users\AKHIL\.m2\repository\info\cukes\cucumber-jvm-deps\1.0.5\cucumber-jvm-deps-1.0.5.jar;C:\Users\AKHIL\.m2\repository\info\cukes\gherkin\2.12.2\gherkin-2.12.2.jar;C:\Users\AKHIL\.m2\repository\org\seleniumhq\selenium\selenium-java\3.141.59\selenium-java-3.141.59.jar;C:\Users\AKHIL\.m2\repository\org\seleniumhq\selenium\selenium-api\3.141.59\selenium-api-3.141.59.jar;C:\Users\AKHIL\.m2\repository\org\seleniumhq\selenium\selenium-chrome-driver\3.141.59\selenium-chrome-driver-3.141.59.jar;C:\Users\AKHIL\.m2\repository\org\seleniumhq\selenium\selenium-edge-driver\3.141.59\selenium-edge-driver-3.141.59.jar;C:\Users\AKHIL\.m2\repository\org\seleniumhq\selenium\selenium-firefox-driver\3.141.59\selenium-firefox-driver-3.141.59.jar;C:\Users\AKHIL\.m2\repository\org\seleniumhq\selenium\selenium-ie-driver\3.141.59\selenium-ie-driver-3.141.59.jar;C:\Users\AKHIL\.m2\repository\org\seleniumhq\selenium\selenium-opera-driver\3.141.59\selenium-opera-driver-3.141.59.jar;C:\Users\AKHIL\.m2\repository\org\seleniumhq\selenium\selenium-remote-driver\3.141.59\selenium-remote-driver-3.141.59.jar;C:\Users\AKHIL\.m2\repository\org\seleniumhq\selenium\selenium-safari-driver\3.141.59\selenium-safari-driver-3.141.59.jar;C:\Users\AKHIL\.m2\repository\org\seleniumhq\selenium\selenium-support\3.141.59\selenium-support-3.141.59.jar;C:\Users\AKHIL\.m2\repository\net\bytebuddy\byte-buddy\1.8.15\byte-buddy-1.8.15.jar;C:\Users\AKHIL\.m2\repository\org\apache\commons\commons-exec\1.3\commons-exec-1.3.jar;C:\Users\AKHIL\.m2\repository\com\google\guava\guava\25.0-jre\guava-25.0-jre.jar;C:\Users\AKHIL\.m2\
Launcher Type: SUN_STANDARD

[Global flags]
     intx CICompilerCount                          = 4                                         {product} {ergonomic}
     uint ConcGCThreads                            = 2                                         {product} {ergonomic}
     uint G1ConcRefinementThreads                  = 8                                         {product} {ergonomic}
   size_t G1HeapRegionSize                         = 1048576                                   {product} {ergonomic}
    uintx GCDrainStackTargetSize                   = 64                                        {product} {ergonomic}
   size_t InitialHeapSize                          = 100663296                                 {product} {ergonomic}
   size_t MarkStackSize                            = 4194304                                   {product} {ergonomic}
   size_t MaxHeapSize                              = 1589641216                                {product} {ergonomic}
   size_t MaxNewSize                               = 953155584                                 {product} {ergonomic}
   size_t MinHeapDeltaBytes                        = 1048576                                   {product} {ergonomic}
   size_t MinHeapSize                              = 8388608                                   {product} {ergonomic}
    uintx NonNMethodCodeHeapSize                   = 5839372                                {pd product} {ergonomic}
    uintx NonProfiledCodeHeapSize                  = 122909434                              {pd product} {ergonomic}
    uintx ProfiledCodeHeapSize                     = 122909434                              {pd product} {ergonomic}
    uintx ReservedCodeCacheSize                    = 251658240                              {pd product} {ergonomic}
     bool SegmentedCodeCache                       = true                                      {product} {ergonomic}
     bool ShowCodeDetailsInExceptionMessages       = true                                   {manageable} {command line}
   size_t SoftMaxHeapSize                          = 1589641216                             {manageable} {ergonomic}
     bool UseCompressedClassPointers               = true                                 {lp64_product} {ergonomic}
     bool UseCompressedOops                        = true                                 {lp64_product} {ergonomic}
     bool UseG1GC                                  = true                                      {product} {ergonomic}
     bool UseLargePagesIndividualAllocation        = false                                  {pd product} {ergonomic}

Logging:
Log output configuration:
 #0: stdout all=warning uptime,level,tags
 #1: stderr all=off uptime,level,tags

Environment Variables:
JAVA_HOME=C:\Program Files\Java\jdk-15.0.1
PATH=C:\Program Files\Common Files\Oracle\Java\javapath;C:\WINDOWS\system32;C:\WINDOWS;C:\WINDOWS\System32\Wbem;C:\WINDOWS\System32\WindowsPowerShell\v1.0\;C:\WINDOWS\System32\OpenSSH\;C:\Program Files\dotnet\;C:\Program Files\Microsoft SQL Server\130\Tools\Binn\;C:\Program Files\Microsoft SQL Server\Client SDK\ODBC\170\Tools\Binn\;C:\Program Files\PuTTY\;C:\Program Files\Java\jdk-15.0.1\bin;C:\Program Files (x86)\Microsoft SQL Server\150\DTS\Binn\;C:\Program Files\Azure Data Studio\bin;C:\Program Files (x86)\PuTTY\;C:\Users\AKHIL\AppData\Local\Microsoft\WindowsApps;C:\Program Files\Azure Data Studio\bin
USERNAME=AKHIL
OS=Windows_NT
PROCESSOR_IDENTIFIER=AMD64 Family 23 Model 24 Stepping 1, AuthenticAMD



---------------  S Y S T E M  ---------------

OS:
 Windows 10 , 64 bit Build 19041 (10.0.19041.804)
OS uptime: 19 days 23:08 hours

CPU: total 8 (initial active 8) (8 cores per cpu, 2 threads per core) family 23 model 24 stepping 1 microcode 0x0, cmov, cx8, fxsr, mmx, sse, sse2, sse3, ssse3, sse4.1, sse4.2, popcnt, vzeroupper, avx, avx2, aes, clmul, 3dnowpref, lzcnt, sse4a, ht, tsc, tscinvbit, tscinv, bmi1, bmi2, adx, sha, fma, clflush, clflushopt

Memory: 4k page, system-wide physical 6058M (882M free)
TotalPageFile size 24490M (AvailPageFile size 4M)
current process WorkingSet (physical memory assigned to process): 55M, peak: 55M
current process commit charge ("private bytes"): 190M, peak: 190M

vm_info: Java HotSpot(TM) 64-Bit Server VM (15.0.1+9-18) for windows-amd64 JRE (15.0.1+9-18), built on Sep 15 2020 14:43:54 by "mach5one" with unknown MS VC++:1925

END.
